2019-06-10 at 19:29:42 CST DEBUG org.apache.http.client.protocol.RequestAddCookies 122 process - CookieSpec selected: default
2019-06-10 at 19:29:42 CST DEBUG org.apache.http.client.protocol.RequestAuthCache 76 process - Auth cache not set in the context
2019-06-10 at 19:29:42 CST DEBUG org.apache.http.impl.conn.PoolingHttpClientConnectionManager 249 requestConnection - Connection request: [route: {}->http://localhost:38494][total kept alive: 0; route allocated: 0 of 2000; total allocated: 0 of 2000]
2019-06-10 at 19:29:42 CST DEBUG org.apache.http.impl.conn.PoolingHttpClientConnectionManager 282 leaseConnection - Connection leased: [id: 0][route: {}->http://localhost:38494][total kept alive: 0; route allocated: 1 of 2000; total allocated: 1 of 2000]
2019-06-10 at 19:29:42 CST DEBUG org.apache.http.impl.execchain.MainClientExec 234 execute - Opening connection {}->http://localhost:38494
2019-06-10 at 19:29:42 CST DEBUG org.apache.http.impl.conn.DefaultHttpClientConnectionOperator 131 connect - Connecting to localhost/127.0.0.1:38494
2019-06-10 at 19:29:42 CST DEBUG org.apache.http.impl.conn.DefaultHttpClientConnectionOperator 138 connect - Connection established 127.0.0.1:49615<->127.0.0.1:38494
2019-06-10 at 19:29:42 CST DEBUG org.apache.http.impl.execchain.MainClientExec 255 execute - Executing request POST /session HTTP/1.1
2019-06-10 at 19:29:42 CST DEBUG org.apache.http.impl.execchain.MainClientExec 260 execute - Target auth state: UNCHALLENGED
2019-06-10 at 19:29:42 CST DEBUG org.apache.http.impl.execchain.MainClientExec 266 execute - Proxy auth state: UNCHALLENGED
2019-06-10 at 19:29:42 CST DEBUG org.apache.http.impl.conn.LoggingManagedHttpClientConnection 124 onRequestSubmitted - http-outgoing-0 >> POST /session HTTP/1.1
2019-06-10 at 19:29:42 CST DEBUG org.apache.http.impl.conn.LoggingManagedHttpClientConnection 127 onRequestSubmitted - http-outgoing-0 >> Content-Type: application/json; charset=utf-8
2019-06-10 at 19:29:42 CST DEBUG org.apache.http.impl.conn.LoggingManagedHttpClientConnection 127 onRequestSubmitted - http-outgoing-0 >> Content-Length: 550
2019-06-10 at 19:29:42 CST DEBUG org.apache.http.impl.conn.LoggingManagedHttpClientConnection 127 onRequestSubmitted - http-outgoing-0 >> Host: localhost:38494
2019-06-10 at 19:29:42 CST DEBUG org.apache.http.impl.conn.LoggingManagedHttpClientConnection 127 onRequestSubmitted - http-outgoing-0 >> Connection: Keep-Alive
2019-06-10 at 19:29:42 CST DEBUG org.apache.http.impl.conn.LoggingManagedHttpClientConnection 127 onRequestSubmitted - http-outgoing-0 >> User-Agent: Apache-HttpClient/4.4.1 (Java/1.8.0_25)
2019-06-10 at 19:29:42 CST DEBUG org.apache.http.impl.conn.LoggingManagedHttpClientConnection 127 onRequestSubmitted - http-outgoing-0 >> Accept-Encoding: gzip,deflate
2019-06-10 at 19:29:42 CST DEBUG org.apache.http.impl.conn.Wire 72 wire - http-outgoing-0 >> "POST /session HTTP/1.1[\r][\n]"
2019-06-10 at 19:29:42 CST DEBUG org.apache.http.impl.conn.Wire 72 wire - http-outgoing-0 >> "Content-Type: application/json; charset=utf-8[\r][\n]"
2019-06-10 at 19:29:42 CST DEBUG org.apache.http.impl.conn.Wire 72 wire - http-outgoing-0 >> "Content-Length: 550[\r][\n]"
2019-06-10 at 19:29:42 CST DEBUG org.apache.http.impl.conn.Wire 72 wire - http-outgoing-0 >> "Host: localhost:38494[\r][\n]"
2019-06-10 at 19:29:42 CST DEBUG org.apache.http.impl.conn.Wire 72 wire - http-outgoing-0 >> "Connection: Keep-Alive[\r][\n]"
2019-06-10 at 19:29:42 CST DEBUG org.apache.http.impl.conn.Wire 72 wire - http-outgoing-0 >> "User-Agent: Apache-HttpClient/4.4.1 (Java/1.8.0_25)[\r][\n]"
2019-06-10 at 19:29:42 CST DEBUG org.apache.http.impl.conn.Wire 72 wire - http-outgoing-0 >> "Accept-Encoding: gzip,deflate[\r][\n]"
2019-06-10 at 19:29:42 CST DEBUG org.apache.http.impl.conn.Wire 72 wire - http-outgoing-0 >> "[\r][\n]"
2019-06-10 at 19:29:42 CST DEBUG org.apache.http.impl.conn.Wire 72 wire - http-outgoing-0 >> "{[\n]"
2019-06-10 at 19:29:42 CST DEBUG org.apache.http.impl.conn.Wire 72 wire - http-outgoing-0 >> "  "desiredCapabilities": {[\n]"
2019-06-10 at 19:29:42 CST DEBUG org.apache.http.impl.conn.Wire 72 wire - http-outgoing-0 >> "    "browserName": "chrome",[\n]"
2019-06-10 at 19:29:42 CST DEBUG org.apache.http.impl.conn.Wire 72 wire - http-outgoing-0 >> "    "chromeOptions": {[\n]"
2019-06-10 at 19:29:42 CST DEBUG org.apache.http.impl.conn.Wire 72 wire - http-outgoing-0 >> "      "args": [],[\n]"
2019-06-10 at 19:29:42 CST DEBUG org.apache.http.impl.conn.Wire 72 wire - http-outgoing-0 >> "      "extensions": [][\n]"
2019-06-10 at 19:29:42 CST DEBUG org.apache.http.impl.conn.Wire 72 wire - http-outgoing-0 >> "    },[\n]"
2019-06-10 at 19:29:42 CST DEBUG org.apache.http.impl.conn.Wire 72 wire - http-outgoing-0 >> "    "version": "",[\n]"
2019-06-10 at 19:29:42 CST DEBUG org.apache.http.impl.conn.Wire 72 wire - http-outgoing-0 >> "    "platform": "ANY"[\n]"
2019-06-10 at 19:29:42 CST DEBUG org.apache.http.impl.conn.Wire 72 wire - http-outgoing-0 >> "  },[\n]"
2019-06-10 at 19:29:42 CST DEBUG org.apache.http.impl.conn.Wire 72 wire - http-outgoing-0 >> "  "requiredCapabilities": {},[\n]"
2019-06-10 at 19:29:42 CST DEBUG org.apache.http.impl.conn.Wire 72 wire - http-outgoing-0 >> "  "capabilities": {[\n]"
2019-06-10 at 19:29:42 CST DEBUG org.apache.http.impl.conn.Wire 72 wire - http-outgoing-0 >> "    "desiredCapabilities": {[\n]"
2019-06-10 at 19:29:42 CST DEBUG org.apache.http.impl.conn.Wire 72 wire - http-outgoing-0 >> "      "browserName": "chrome",[\n]"
2019-06-10 at 19:29:42 CST DEBUG org.apache.http.impl.conn.Wire 72 wire - http-outgoing-0 >> "      "chromeOptions": {[\n]"
2019-06-10 at 19:29:42 CST DEBUG org.apache.http.impl.conn.Wire 72 wire - http-outgoing-0 >> "        "args": [],[\n]"
2019-06-10 at 19:29:42 CST DEBUG org.apache.http.impl.conn.Wire 72 wire - http-outgoing-0 >> "        "extensions": [][\n]"
2019-06-10 at 19:29:42 CST DEBUG org.apache.http.impl.conn.Wire 72 wire - http-outgoing-0 >> "      },[\n]"
2019-06-10 at 19:29:42 CST DEBUG org.apache.http.impl.conn.Wire 72 wire - http-outgoing-0 >> "      "version": "",[\n]"
2019-06-10 at 19:29:42 CST DEBUG org.apache.http.impl.conn.Wire 72 wire - http-outgoing-0 >> "      "platform": "ANY"[\n]"
2019-06-10 at 19:29:42 CST DEBUG org.apache.http.impl.conn.Wire 72 wire - http-outgoing-0 >> "    },[\n]"
2019-06-10 at 19:29:42 CST DEBUG org.apache.http.impl.conn.Wire 72 wire - http-outgoing-0 >> "    "requiredCapabilities": {},[\n]"
2019-06-10 at 19:29:42 CST DEBUG org.apache.http.impl.conn.Wire 72 wire - http-outgoing-0 >> "    "alwaysMatch": {},[\n]"
2019-06-10 at 19:29:42 CST DEBUG org.apache.http.impl.conn.Wire 72 wire - http-outgoing-0 >> "    "firstMatch": [[\n]"
2019-06-10 at 19:29:42 CST DEBUG org.apache.http.impl.conn.Wire 72 wire - http-outgoing-0 >> "      {[\n]"
2019-06-10 at 19:29:42 CST DEBUG org.apache.http.impl.conn.Wire 72 wire - http-outgoing-0 >> "        "browserName": "chrome"[\n]"
2019-06-10 at 19:29:42 CST DEBUG org.apache.http.impl.conn.Wire 72 wire - http-outgoing-0 >> "      }[\n]"
2019-06-10 at 19:29:42 CST DEBUG org.apache.http.impl.conn.Wire 72 wire - http-outgoing-0 >> "    ][\n]"
2019-06-10 at 19:29:42 CST DEBUG org.apache.http.impl.conn.Wire 72 wire - http-outgoing-0 >> "  }[\n]"
2019-06-10 at 19:29:42 CST DEBUG org.apache.http.impl.conn.Wire 86 wire - http-outgoing-0 >> "}"
2019-06-10 at 19:29:44 CST DEBUG org.apache.http.impl.conn.Wire 72 wire - http-outgoing-0 << "HTTP/1.1 200 OK[\r][\n]"
2019-06-10 at 19:29:44 CST DEBUG org.apache.http.impl.conn.Wire 72 wire - http-outgoing-0 << "Content-Length:1030[\r][\n]"
2019-06-10 at 19:29:44 CST DEBUG org.apache.http.impl.conn.Wire 72 wire - http-outgoing-0 << "Content-Type:application/json; charset=utf-8[\r][\n]"
2019-06-10 at 19:29:44 CST DEBUG org.apache.http.impl.conn.Wire 72 wire - http-outgoing-0 << "[\r][\n]"
2019-06-10 at 19:29:44 CST DEBUG org.apache.http.impl.conn.Wire 86 wire - http-outgoing-0 << "{"sessionId":"f7feee9dbaa3f1e575dd5e6fa20dc25f","status":0,"value":{"acceptInsecureCerts":false,"acceptSslCerts":false,"applicationCacheEnabled":false,"browserConnectionEnabled":false,"browserName":"chrome","chrome":{"chromedriverVersion":"74.0.3729.6 (255758eccf3d244491b8a1317aa76e1ce10d57e9-refs/branch-heads/3729@{#29})","userDataDir":"C:\\Users\\Bairong\\AppData\\Local\\Temp\\scoped_dir22596_27529"},"cssSelectorsEnabled":true,"databaseEnabled":false,"goog:chromeOptions":{"debuggerAddress":"localhost:49616"},"handlesAlerts":true,"hasTouchScreen":false,"javascriptEnabled":true,"locationContextEnabled":true,"mobileEmulationEnabled":false,"nativeEvents":true,"networkConnectionEnabled":false,"pageLoadStrategy":"normal","platform":"Windows NT","proxy":{},"rotatable":false,"setWindowRect":true,"strictFileInteractability":false,"takesHeapSnapshot":true,"takesScreenshot":true,"timeouts":{"implicit":0,"pageLoad":300000,"script":30000},"unexpectedAlertBehaviour":"ignore","version":"74.0.3729.108","webStorageEnabled":true}}"
2019-06-10 at 19:29:44 CST DEBUG org.apache.http.impl.conn.LoggingManagedHttpClientConnection 113 onResponseReceived - http-outgoing-0 << HTTP/1.1 200 OK
2019-06-10 at 19:29:44 CST DEBUG org.apache.http.impl.conn.LoggingManagedHttpClientConnection 116 onResponseReceived - http-outgoing-0 << Content-Length:1030
2019-06-10 at 19:29:44 CST DEBUG org.apache.http.impl.conn.LoggingManagedHttpClientConnection 116 onResponseReceived - http-outgoing-0 << Content-Type:application/json; charset=utf-8
2019-06-10 at 19:29:44 CST DEBUG org.apache.http.impl.execchain.MainClientExec 284 execute - Connection can be kept alive indefinitely
2019-06-10 at 19:29:44 CST DEBUG org.apache.http.impl.conn.PoolingHttpClientConnectionManager 314 releaseConnection - Connection [id: 0][route: {}->http://localhost:38494] can be kept alive indefinitely
2019-06-10 at 19:29:44 CST DEBUG org.apache.http.impl.conn.PoolingHttpClientConnectionManager 320 releaseConnection - Connection released: [id: 0][route: {}->http://localhost:38494][total kept alive: 1; route allocated: 1 of 2000; total allocated: 1 of 2000]
2019-06-10 at 19:29:44 CST DEBUG org.apache.http.client.protocol.RequestAddCookies 122 process - CookieSpec selected: default
2019-06-10 at 19:29:44 CST DEBUG org.apache.http.client.protocol.RequestAuthCache 76 process - Auth cache not set in the context
2019-06-10 at 19:29:44 CST DEBUG org.apache.http.impl.conn.PoolingHttpClientConnectionManager 249 requestConnection - Connection request: [route: {}->http://localhost:38494][total kept alive: 1; route allocated: 1 of 2000; total allocated: 1 of 2000]
2019-06-10 at 19:29:44 CST DEBUG org.apache.http.impl.conn.PoolingHttpClientConnectionManager 282 leaseConnection - Connection leased: [id: 0][route: {}->http://localhost:38494][total kept alive: 0; route allocated: 1 of 2000; total allocated: 1 of 2000]
2019-06-10 at 19:29:44 CST DEBUG org.apache.http.impl.execchain.MainClientExec 207 execute - Stale connection check
2019-06-10 at 19:29:44 CST DEBUG org.apache.http.impl.conn.Wire 86 wire - http-outgoing-0 << "[read] I/O error: Read timed out"
2019-06-10 at 19:29:44 CST DEBUG org.apache.http.impl.execchain.MainClientExec 255 execute - Executing request POST /session/f7feee9dbaa3f1e575dd5e6fa20dc25f/timeouts HTTP/1.1
2019-06-10 at 19:29:44 CST DEBUG org.apache.http.impl.execchain.MainClientExec 260 execute - Target auth state: UNCHALLENGED
2019-06-10 at 19:29:44 CST DEBUG org.apache.http.impl.execchain.MainClientExec 266 execute - Proxy auth state: UNCHALLENGED
2019-06-10 at 19:29:44 CST DEBUG org.apache.http.impl.conn.LoggingManagedHttpClientConnection 124 onRequestSubmitted - http-outgoing-0 >> POST /session/f7feee9dbaa3f1e575dd5e6fa20dc25f/timeouts HTTP/1.1
2019-06-10 at 19:29:44 CST DEBUG org.apache.http.impl.conn.LoggingManagedHttpClientConnection 127 onRequestSubmitted - http-outgoing-0 >> Content-Type: application/json; charset=utf-8
2019-06-10 at 19:29:44 CST DEBUG org.apache.http.impl.conn.LoggingManagedHttpClientConnection 127 onRequestSubmitted - http-outgoing-0 >> Content-Length: 28
2019-06-10 at 19:29:44 CST DEBUG org.apache.http.impl.conn.LoggingManagedHttpClientConnection 127 onRequestSubmitted - http-outgoing-0 >> Host: localhost:38494
2019-06-10 at 19:29:44 CST DEBUG org.apache.http.impl.conn.LoggingManagedHttpClientConnection 127 onRequestSubmitted - http-outgoing-0 >> Connection: Keep-Alive
2019-06-10 at 19:29:44 CST DEBUG org.apache.http.impl.conn.LoggingManagedHttpClientConnection 127 onRequestSubmitted - http-outgoing-0 >> User-Agent: Apache-HttpClient/4.4.1 (Java/1.8.0_25)
2019-06-10 at 19:29:44 CST DEBUG org.apache.http.impl.conn.LoggingManagedHttpClientConnection 127 onRequestSubmitted - http-outgoing-0 >> Accept-Encoding: gzip,deflate
2019-06-10 at 19:29:44 CST DEBUG org.apache.http.impl.conn.Wire 72 wire - http-outgoing-0 >> "POST /session/f7feee9dbaa3f1e575dd5e6fa20dc25f/timeouts HTTP/1.1[\r][\n]"
2019-06-10 at 19:29:44 CST DEBUG org.apache.http.impl.conn.Wire 72 wire - http-outgoing-0 >> "Content-Type: application/json; charset=utf-8[\r][\n]"
2019-06-10 at 19:29:44 CST DEBUG org.apache.http.impl.conn.Wire 72 wire - http-outgoing-0 >> "Content-Length: 28[\r][\n]"
2019-06-10 at 19:29:44 CST DEBUG org.apache.http.impl.conn.Wire 72 wire - http-outgoing-0 >> "Host: localhost:38494[\r][\n]"
2019-06-10 at 19:29:44 CST DEBUG org.apache.http.impl.conn.Wire 72 wire - http-outgoing-0 >> "Connection: Keep-Alive[\r][\n]"
2019-06-10 at 19:29:44 CST DEBUG org.apache.http.impl.conn.Wire 72 wire - http-outgoing-0 >> "User-Agent: Apache-HttpClient/4.4.1 (Java/1.8.0_25)[\r][\n]"
2019-06-10 at 19:29:44 CST DEBUG org.apache.http.impl.conn.Wire 72 wire - http-outgoing-0 >> "Accept-Encoding: gzip,deflate[\r][\n]"
2019-06-10 at 19:29:44 CST DEBUG org.apache.http.impl.conn.Wire 72 wire - http-outgoing-0 >> "[\r][\n]"
2019-06-10 at 19:29:44 CST DEBUG org.apache.http.impl.conn.Wire 86 wire - http-outgoing-0 >> "{"type":"script","ms":60000}"
2019-06-10 at 19:29:44 CST DEBUG org.apache.http.impl.conn.Wire 72 wire - http-outgoing-0 << "HTTP/1.1 200 OK[\r][\n]"
2019-06-10 at 19:29:44 CST DEBUG org.apache.http.impl.conn.Wire 72 wire - http-outgoing-0 << "Content-Length:72[\r][\n]"
2019-06-10 at 19:29:44 CST DEBUG org.apache.http.impl.conn.Wire 72 wire - http-outgoing-0 << "Content-Type:application/json; charset=utf-8[\r][\n]"
2019-06-10 at 19:29:44 CST DEBUG org.apache.http.impl.conn.Wire 72 wire - http-outgoing-0 << "[\r][\n]"
2019-06-10 at 19:29:44 CST DEBUG org.apache.http.impl.conn.Wire 86 wire - http-outgoing-0 << "{"sessionId":"f7feee9dbaa3f1e575dd5e6fa20dc25f","status":0,"value":null}"
2019-06-10 at 19:29:44 CST DEBUG org.apache.http.impl.conn.LoggingManagedHttpClientConnection 113 onResponseReceived - http-outgoing-0 << HTTP/1.1 200 OK
2019-06-10 at 19:29:44 CST DEBUG org.apache.http.impl.conn.LoggingManagedHttpClientConnection 116 onResponseReceived - http-outgoing-0 << Content-Length:72
2019-06-10 at 19:29:44 CST DEBUG org.apache.http.impl.conn.LoggingManagedHttpClientConnection 116 onResponseReceived - http-outgoing-0 << Content-Type:application/json; charset=utf-8
2019-06-10 at 19:29:44 CST DEBUG org.apache.http.impl.execchain.MainClientExec 284 execute - Connection can be kept alive indefinitely
2019-06-10 at 19:29:44 CST DEBUG org.apache.http.impl.conn.PoolingHttpClientConnectionManager 314 releaseConnection - Connection [id: 0][route: {}->http://localhost:38494] can be kept alive indefinitely
2019-06-10 at 19:29:44 CST DEBUG org.apache.http.impl.conn.PoolingHttpClientConnectionManager 320 releaseConnection - Connection released: [id: 0][route: {}->http://localhost:38494][total kept alive: 1; route allocated: 1 of 2000; total allocated: 1 of 2000]
2019-06-10 at 19:29:44 CST DEBUG org.apache.http.client.protocol.RequestAddCookies 122 process - CookieSpec selected: default
2019-06-10 at 19:29:44 CST DEBUG org.apache.http.client.protocol.RequestAuthCache 76 process - Auth cache not set in the context
2019-06-10 at 19:29:44 CST DEBUG org.apache.http.impl.conn.PoolingHttpClientConnectionManager 249 requestConnection - Connection request: [route: {}->http://localhost:38494][total kept alive: 1; route allocated: 1 of 2000; total allocated: 1 of 2000]
2019-06-10 at 19:29:44 CST DEBUG org.apache.http.impl.conn.PoolingHttpClientConnectionManager 282 leaseConnection - Connection leased: [id: 0][route: {}->http://localhost:38494][total kept alive: 0; route allocated: 1 of 2000; total allocated: 1 of 2000]
2019-06-10 at 19:29:44 CST DEBUG org.apache.http.impl.execchain.MainClientExec 207 execute - Stale connection check
2019-06-10 at 19:29:44 CST DEBUG org.apache.http.impl.conn.Wire 86 wire - http-outgoing-0 << "[read] I/O error: Read timed out"
2019-06-10 at 19:29:44 CST DEBUG org.apache.http.impl.execchain.MainClientExec 255 execute - Executing request POST /session/f7feee9dbaa3f1e575dd5e6fa20dc25f/url HTTP/1.1
2019-06-10 at 19:29:44 CST DEBUG org.apache.http.impl.execchain.MainClientExec 260 execute - Target auth state: UNCHALLENGED
2019-06-10 at 19:29:44 CST DEBUG org.apache.http.impl.execchain.MainClientExec 266 execute - Proxy auth state: UNCHALLENGED
2019-06-10 at 19:29:44 CST DEBUG org.apache.http.impl.conn.LoggingManagedHttpClientConnection 124 onRequestSubmitted - http-outgoing-0 >> POST /session/f7feee9dbaa3f1e575dd5e6fa20dc25f/url HTTP/1.1
2019-06-10 at 19:29:44 CST DEBUG org.apache.http.impl.conn.LoggingManagedHttpClientConnection 127 onRequestSubmitted - http-outgoing-0 >> Content-Type: application/json; charset=utf-8
2019-06-10 at 19:29:44 CST DEBUG org.apache.http.impl.conn.LoggingManagedHttpClientConnection 127 onRequestSubmitted - http-outgoing-0 >> Content-Length: 52
2019-06-10 at 19:29:44 CST DEBUG org.apache.http.impl.conn.LoggingManagedHttpClientConnection 127 onRequestSubmitted - http-outgoing-0 >> Host: localhost:38494
2019-06-10 at 19:29:44 CST DEBUG org.apache.http.impl.conn.LoggingManagedHttpClientConnection 127 onRequestSubmitted - http-outgoing-0 >> Connection: Keep-Alive
2019-06-10 at 19:29:44 CST DEBUG org.apache.http.impl.conn.LoggingManagedHttpClientConnection 127 onRequestSubmitted - http-outgoing-0 >> User-Agent: Apache-HttpClient/4.4.1 (Java/1.8.0_25)
2019-06-10 at 19:29:44 CST DEBUG org.apache.http.impl.conn.LoggingManagedHttpClientConnection 127 onRequestSubmitted - http-outgoing-0 >> Accept-Encoding: gzip,deflate
2019-06-10 at 19:29:44 CST DEBUG org.apache.http.impl.conn.Wire 72 wire - http-outgoing-0 >> "POST /session/f7feee9dbaa3f1e575dd5e6fa20dc25f/url HTTP/1.1[\r][\n]"
2019-06-10 at 19:29:44 CST DEBUG org.apache.http.impl.conn.Wire 72 wire - http-outgoing-0 >> "Content-Type: application/json; charset=utf-8[\r][\n]"
2019-06-10 at 19:29:44 CST DEBUG org.apache.http.impl.conn.Wire 72 wire - http-outgoing-0 >> "Content-Length: 52[\r][\n]"
2019-06-10 at 19:29:44 CST DEBUG org.apache.http.impl.conn.Wire 72 wire - http-outgoing-0 >> "Host: localhost:38494[\r][\n]"
2019-06-10 at 19:29:44 CST DEBUG org.apache.http.impl.conn.Wire 72 wire - http-outgoing-0 >> "Connection: Keep-Alive[\r][\n]"
2019-06-10 at 19:29:44 CST DEBUG org.apache.http.impl.conn.Wire 72 wire - http-outgoing-0 >> "User-Agent: Apache-HttpClient/4.4.1 (Java/1.8.0_25)[\r][\n]"
2019-06-10 at 19:29:44 CST DEBUG org.apache.http.impl.conn.Wire 72 wire - http-outgoing-0 >> "Accept-Encoding: gzip,deflate[\r][\n]"
2019-06-10 at 19:29:44 CST DEBUG org.apache.http.impl.conn.Wire 72 wire - http-outgoing-0 >> "[\r][\n]"
2019-06-10 at 19:29:44 CST DEBUG org.apache.http.impl.conn.Wire 86 wire - http-outgoing-0 >> "{"url":"https://music.163.com/#/song?id=1361348080"}"
2019-06-10 at 19:29:55 CST DEBUG org.apache.http.impl.conn.Wire 72 wire - http-outgoing-0 << "HTTP/1.1 200 OK[\r][\n]"
2019-06-10 at 19:29:55 CST DEBUG org.apache.http.impl.conn.Wire 72 wire - http-outgoing-0 << "Content-Length:72[\r][\n]"
2019-06-10 at 19:29:55 CST DEBUG org.apache.http.impl.conn.Wire 72 wire - http-outgoing-0 << "Content-Type:application/json; charset=utf-8[\r][\n]"
2019-06-10 at 19:29:55 CST DEBUG org.apache.http.impl.conn.Wire 72 wire - http-outgoing-0 << "[\r][\n]"
2019-06-10 at 19:29:55 CST DEBUG org.apache.http.impl.conn.Wire 86 wire - http-outgoing-0 << "{"sessionId":"f7feee9dbaa3f1e575dd5e6fa20dc25f","status":0,"value":null}"
2019-06-10 at 19:29:55 CST DEBUG org.apache.http.impl.conn.LoggingManagedHttpClientConnection 113 onResponseReceived - http-outgoing-0 << HTTP/1.1 200 OK
2019-06-10 at 19:29:55 CST DEBUG org.apache.http.impl.conn.LoggingManagedHttpClientConnection 116 onResponseReceived - http-outgoing-0 << Content-Length:72
2019-06-10 at 19:29:55 CST DEBUG org.apache.http.impl.conn.LoggingManagedHttpClientConnection 116 onResponseReceived - http-outgoing-0 << Content-Type:application/json; charset=utf-8
2019-06-10 at 19:29:55 CST DEBUG org.apache.http.impl.execchain.MainClientExec 284 execute - Connection can be kept alive indefinitely
2019-06-10 at 19:29:55 CST DEBUG org.apache.http.impl.conn.PoolingHttpClientConnectionManager 314 releaseConnection - Connection [id: 0][route: {}->http://localhost:38494] can be kept alive indefinitely
2019-06-10 at 19:29:55 CST DEBUG org.apache.http.impl.conn.PoolingHttpClientConnectionManager 320 releaseConnection - Connection released: [id: 0][route: {}->http://localhost:38494][total kept alive: 1; route allocated: 1 of 2000; total allocated: 1 of 2000]
2019-06-10 at 19:29:55 CST DEBUG org.apache.http.client.protocol.RequestAddCookies 122 process - CookieSpec selected: default
2019-06-10 at 19:29:55 CST DEBUG org.apache.http.client.protocol.RequestAuthCache 76 process - Auth cache not set in the context
2019-06-10 at 19:29:55 CST DEBUG org.apache.http.impl.conn.PoolingHttpClientConnectionManager 249 requestConnection - Connection request: [route: {}->http://localhost:38494][total kept alive: 1; route allocated: 1 of 2000; total allocated: 1 of 2000]
2019-06-10 at 19:29:55 CST DEBUG org.apache.http.impl.conn.PoolingHttpClientConnectionManager 282 leaseConnection - Connection leased: [id: 0][route: {}->http://localhost:38494][total kept alive: 0; route allocated: 1 of 2000; total allocated: 1 of 2000]
2019-06-10 at 19:29:55 CST DEBUG org.apache.http.impl.execchain.MainClientExec 207 execute - Stale connection check
2019-06-10 at 19:29:55 CST DEBUG org.apache.http.impl.conn.Wire 86 wire - http-outgoing-0 << "[read] I/O error: Read timed out"
2019-06-10 at 19:29:55 CST DEBUG org.apache.http.impl.execchain.MainClientExec 255 execute - Executing request POST /session/f7feee9dbaa3f1e575dd5e6fa20dc25f/execute HTTP/1.1
2019-06-10 at 19:29:55 CST DEBUG org.apache.http.impl.execchain.MainClientExec 260 execute - Target auth state: UNCHALLENGED
2019-06-10 at 19:29:55 CST DEBUG org.apache.http.impl.execchain.MainClientExec 266 execute - Proxy auth state: UNCHALLENGED
2019-06-10 at 19:29:55 CST DEBUG org.apache.http.impl.conn.LoggingManagedHttpClientConnection 124 onRequestSubmitted - http-outgoing-0 >> POST /session/f7feee9dbaa3f1e575dd5e6fa20dc25f/execute HTTP/1.1
2019-06-10 at 19:29:55 CST DEBUG org.apache.http.impl.conn.LoggingManagedHttpClientConnection 127 onRequestSubmitted - http-outgoing-0 >> Content-Type: application/json; charset=utf-8
2019-06-10 at 19:29:55 CST DEBUG org.apache.http.impl.conn.LoggingManagedHttpClientConnection 127 onRequestSubmitted - http-outgoing-0 >> Content-Length: 440
2019-06-10 at 19:29:55 CST DEBUG org.apache.http.impl.conn.LoggingManagedHttpClientConnection 127 onRequestSubmitted - http-outgoing-0 >> Host: localhost:38494
2019-06-10 at 19:29:55 CST DEBUG org.apache.http.impl.conn.LoggingManagedHttpClientConnection 127 onRequestSubmitted - http-outgoing-0 >> Connection: Keep-Alive
2019-06-10 at 19:29:55 CST DEBUG org.apache.http.impl.conn.LoggingManagedHttpClientConnection 127 onRequestSubmitted - http-outgoing-0 >> User-Agent: Apache-HttpClient/4.4.1 (Java/1.8.0_25)
2019-06-10 at 19:29:55 CST DEBUG org.apache.http.impl.conn.LoggingManagedHttpClientConnection 127 onRequestSubmitted - http-outgoing-0 >> Accept-Encoding: gzip,deflate
2019-06-10 at 19:29:55 CST DEBUG org.apache.http.impl.conn.Wire 72 wire - http-outgoing-0 >> "POST /session/f7feee9dbaa3f1e575dd5e6fa20dc25f/execute HTTP/1.1[\r][\n]"
2019-06-10 at 19:29:55 CST DEBUG org.apache.http.impl.conn.Wire 72 wire - http-outgoing-0 >> "Content-Type: application/json; charset=utf-8[\r][\n]"
2019-06-10 at 19:29:55 CST DEBUG org.apache.http.impl.conn.Wire 72 wire - http-outgoing-0 >> "Content-Length: 440[\r][\n]"
2019-06-10 at 19:29:55 CST DEBUG org.apache.http.impl.conn.Wire 72 wire - http-outgoing-0 >> "Host: localhost:38494[\r][\n]"
2019-06-10 at 19:29:55 CST DEBUG org.apache.http.impl.conn.Wire 72 wire - http-outgoing-0 >> "Connection: Keep-Alive[\r][\n]"
2019-06-10 at 19:29:55 CST DEBUG org.apache.http.impl.conn.Wire 72 wire - http-outgoing-0 >> "User-Agent: Apache-HttpClient/4.4.1 (Java/1.8.0_25)[\r][\n]"
2019-06-10 at 19:29:55 CST DEBUG org.apache.http.impl.conn.Wire 72 wire - http-outgoing-0 >> "Accept-Encoding: gzip,deflate[\r][\n]"
2019-06-10 at 19:29:55 CST DEBUG org.apache.http.impl.conn.Wire 72 wire - http-outgoing-0 >> "[\r][\n]"
2019-06-10 at 19:29:55 CST DEBUG org.apache.http.impl.conn.Wire 86 wire - http-outgoing-0 >> "{"script":"return window.asrsea('{\"rid\":\"R_SO_4_1361348080\",\"offset\":\"0\",\"total\":\"true\",\"limit\":\"20\",\"csrf_token\":\"\"}','010001','00e0b509f6259df8642dbc35662901477df22677ec152b5ff68ace615bb7b725152b3ab17a876aea8a5aa76d2e417629ec4ee341f56135fccf695280104e0312ecbda92557c93870114af6c9d05c4f7f0c3685b7a46bee255932575cce10b424d813cfe4875d3e82047b97ddef52741d546b8e289dc6935b3ece0462db0a22b8e7','0CoJUm6Qyw8W8jud')","args":[]}"
2019-06-10 at 19:29:55 CST DEBUG org.apache.http.impl.conn.Wire 72 wire - http-outgoing-0 << "HTTP/1.1 200 OK[\r][\n]"
2019-06-10 at 19:29:55 CST DEBUG org.apache.http.impl.conn.Wire 72 wire - http-outgoing-0 << "Content-Length:545[\r][\n]"
2019-06-10 at 19:29:55 CST DEBUG org.apache.http.impl.conn.Wire 72 wire - http-outgoing-0 << "Content-Type:application/json; charset=utf-8[\r][\n]"
2019-06-10 at 19:29:55 CST DEBUG org.apache.http.impl.conn.Wire 72 wire - http-outgoing-0 << "[\r][\n]"
2019-06-10 at 19:29:55 CST DEBUG org.apache.http.impl.conn.Wire 86 wire - http-outgoing-0 << "{"sessionId":"f7feee9dbaa3f1e575dd5e6fa20dc25f","status":0,"value":{"encSecKey":"76a36adad840caa3f4074f2c133f33ba84fe2d53531fbd7955ce4374b60a1bf7c189eb6d38cbf7c4a0b6b37e362e378430690a6ba1b12386c601b459493bc0d73cec9a128aa660965fb996c433a737683de9d7ed041326df6c9b7af712b6e1fcb5bae16d4bcce2e75b23577ded40e8271408775774e2a714be8d458c74330bcb","encText":"FgBeN2cWiFqo83QwZcPqXYxYUgLb/DNQsLLz2oT1GUViHjWM58qeBl41v9JJVs6+C80J2C6NC1eDXpbcbvQfFP2p1CWLo7ZpJQPJkS7QFRmF/r9QQjwIWQwTb99eV8hXRsPOSr2vKEH5LH7OwU5PAQiYpynWxwmlkinUCcAo8W7SnAb40meY82DPg0eb2Xjb"}}"
2019-06-10 at 19:29:55 CST DEBUG org.apache.http.impl.conn.LoggingManagedHttpClientConnection 113 onResponseReceived - http-outgoing-0 << HTTP/1.1 200 OK
2019-06-10 at 19:29:55 CST DEBUG org.apache.http.impl.conn.LoggingManagedHttpClientConnection 116 onResponseReceived - http-outgoing-0 << Content-Length:545
2019-06-10 at 19:29:55 CST DEBUG org.apache.http.impl.conn.LoggingManagedHttpClientConnection 116 onResponseReceived - http-outgoing-0 << Content-Type:application/json; charset=utf-8
2019-06-10 at 19:29:55 CST DEBUG org.apache.http.impl.execchain.MainClientExec 284 execute - Connection can be kept alive indefinitely
2019-06-10 at 19:29:55 CST DEBUG org.apache.http.impl.conn.PoolingHttpClientConnectionManager 314 releaseConnection - Connection [id: 0][route: {}->http://localhost:38494] can be kept alive indefinitely
2019-06-10 at 19:29:55 CST DEBUG org.apache.http.impl.conn.PoolingHttpClientConnectionManager 320 releaseConnection - Connection released: [id: 0][route: {}->http://localhost:38494][total kept alive: 1; route allocated: 1 of 2000; total allocated: 1 of 2000]
2019-06-10 at 19:29:55 CST DEBUG org.apache.http.client.protocol.RequestAddCookies 122 process - CookieSpec selected: default
2019-06-10 at 19:29:55 CST DEBUG org.apache.http.client.protocol.RequestAuthCache 76 process - Auth cache not set in the context
2019-06-10 at 19:29:55 CST DEBUG org.apache.http.impl.conn.PoolingHttpClientConnectionManager 249 requestConnection - Connection request: [route: {}->http://localhost:38494][total kept alive: 1; route allocated: 1 of 2000; total allocated: 1 of 2000]
2019-06-10 at 19:29:55 CST DEBUG org.apache.http.impl.conn.PoolingHttpClientConnectionManager 282 leaseConnection - Connection leased: [id: 0][route: {}->http://localhost:38494][total kept alive: 0; route allocated: 1 of 2000; total allocated: 1 of 2000]
2019-06-10 at 19:29:55 CST DEBUG org.apache.http.impl.execchain.MainClientExec 207 execute - Stale connection check
2019-06-10 at 19:29:55 CST DEBUG org.apache.http.impl.conn.Wire 86 wire - http-outgoing-0 << "[read] I/O error: Read timed out"
2019-06-10 at 19:29:55 CST DEBUG org.apache.http.impl.execchain.MainClientExec 255 execute - Executing request DELETE /session/f7feee9dbaa3f1e575dd5e6fa20dc25f/window HTTP/1.1
2019-06-10 at 19:29:55 CST DEBUG org.apache.http.impl.execchain.MainClientExec 260 execute - Target auth state: UNCHALLENGED
2019-06-10 at 19:29:55 CST DEBUG org.apache.http.impl.execchain.MainClientExec 266 execute - Proxy auth state: UNCHALLENGED
2019-06-10 at 19:29:55 CST DEBUG org.apache.http.impl.conn.LoggingManagedHttpClientConnection 124 onRequestSubmitted - http-outgoing-0 >> DELETE /session/f7feee9dbaa3f1e575dd5e6fa20dc25f/window HTTP/1.1
2019-06-10 at 19:29:55 CST DEBUG org.apache.http.impl.conn.LoggingManagedHttpClientConnection 127 onRequestSubmitted - http-outgoing-0 >> Host: localhost:38494
2019-06-10 at 19:29:55 CST DEBUG org.apache.http.impl.conn.LoggingManagedHttpClientConnection 127 onRequestSubmitted - http-outgoing-0 >> Connection: Keep-Alive
2019-06-10 at 19:29:55 CST DEBUG org.apache.http.impl.conn.LoggingManagedHttpClientConnection 127 onRequestSubmitted - http-outgoing-0 >> User-Agent: Apache-HttpClient/4.4.1 (Java/1.8.0_25)
2019-06-10 at 19:29:55 CST DEBUG org.apache.http.impl.conn.LoggingManagedHttpClientConnection 127 onRequestSubmitted - http-outgoing-0 >> Accept-Encoding: gzip,deflate
2019-06-10 at 19:29:55 CST DEBUG org.apache.http.impl.conn.Wire 72 wire - http-outgoing-0 >> "DELETE /session/f7feee9dbaa3f1e575dd5e6fa20dc25f/window HTTP/1.1[\r][\n]"
2019-06-10 at 19:29:55 CST DEBUG org.apache.http.impl.conn.Wire 72 wire - http-outgoing-0 >> "Host: localhost:38494[\r][\n]"
2019-06-10 at 19:29:55 CST DEBUG org.apache.http.impl.conn.Wire 72 wire - http-outgoing-0 >> "Connection: Keep-Alive[\r][\n]"
2019-06-10 at 19:29:55 CST DEBUG org.apache.http.impl.conn.Wire 72 wire - http-outgoing-0 >> "User-Agent: Apache-HttpClient/4.4.1 (Java/1.8.0_25)[\r][\n]"
2019-06-10 at 19:29:55 CST DEBUG org.apache.http.impl.conn.Wire 72 wire - http-outgoing-0 >> "Accept-Encoding: gzip,deflate[\r][\n]"
2019-06-10 at 19:29:55 CST DEBUG org.apache.http.impl.conn.Wire 72 wire - http-outgoing-0 >> "[\r][\n]"
2019-06-10 at 19:29:55 CST DEBUG org.apache.http.impl.conn.Wire 72 wire - http-outgoing-0 << "HTTP/1.1 200 OK[\r][\n]"
2019-06-10 at 19:29:55 CST DEBUG org.apache.http.impl.conn.Wire 72 wire - http-outgoing-0 << "Content-Length:70[\r][\n]"
2019-06-10 at 19:29:55 CST DEBUG org.apache.http.impl.conn.Wire 72 wire - http-outgoing-0 << "Content-Type:application/json; charset=utf-8[\r][\n]"
2019-06-10 at 19:29:55 CST DEBUG org.apache.http.impl.conn.Wire 72 wire - http-outgoing-0 << "[\r][\n]"
2019-06-10 at 19:29:55 CST DEBUG org.apache.http.impl.conn.Wire 86 wire - http-outgoing-0 << "{"sessionId":"f7feee9dbaa3f1e575dd5e6fa20dc25f","status":0,"value":[]}"
2019-06-10 at 19:29:55 CST DEBUG org.apache.http.impl.conn.LoggingManagedHttpClientConnection 113 onResponseReceived - http-outgoing-0 << HTTP/1.1 200 OK
2019-06-10 at 19:29:55 CST DEBUG org.apache.http.impl.conn.LoggingManagedHttpClientConnection 116 onResponseReceived - http-outgoing-0 << Content-Length:70
2019-06-10 at 19:29:55 CST DEBUG org.apache.http.impl.conn.LoggingManagedHttpClientConnection 116 onResponseReceived - http-outgoing-0 << Content-Type:application/json; charset=utf-8
2019-06-10 at 19:29:55 CST DEBUG org.apache.http.impl.execchain.MainClientExec 284 execute - Connection can be kept alive indefinitely
2019-06-10 at 19:29:55 CST DEBUG org.apache.http.impl.conn.PoolingHttpClientConnectionManager 314 releaseConnection - Connection [id: 0][route: {}->http://localhost:38494] can be kept alive indefinitely
2019-06-10 at 19:29:55 CST DEBUG org.apache.http.impl.conn.PoolingHttpClientConnectionManager 320 releaseConnection - Connection released: [id: 0][route: {}->http://localhost:38494][total kept alive: 1; route allocated: 1 of 2000; total allocated: 1 of 2000]
2019-06-10 at 19:29:55 CST DEBUG org.apache.http.client.protocol.RequestAddCookies 122 process - CookieSpec selected: default
2019-06-10 at 19:29:55 CST DEBUG org.apache.http.client.protocol.RequestAuthCache 76 process - Auth cache not set in the context
2019-06-10 at 19:29:55 CST DEBUG org.apache.http.impl.conn.PoolingHttpClientConnectionManager 249 requestConnection - Connection request: [route: {s}->https://music.163.com:443][total kept alive: 0; route allocated: 0 of 2; total allocated: 0 of 20]
2019-06-10 at 19:29:55 CST DEBUG org.apache.http.impl.conn.PoolingHttpClientConnectionManager 282 leaseConnection - Connection leased: [id: 1][route: {s}->https://music.163.com:443][total kept alive: 0; route allocated: 1 of 2; total allocated: 1 of 20]
2019-06-10 at 19:29:55 CST DEBUG org.apache.http.impl.execchain.MainClientExec 234 execute - Opening connection {s}->https://music.163.com:443
2019-06-10 at 19:29:55 CST DEBUG org.apache.http.impl.conn.DefaultHttpClientConnectionOperator 131 connect - Connecting to music.163.com/59.111.181.60:443
2019-06-10 at 19:29:55 CST DEBUG org.apache.http.conn.ssl.SSLConnectionSocketFactory 335 connectSocket - Connecting socket to music.163.com/59.111.181.60:443 with timeout 6000
2019-06-10 at 19:29:56 CST DEBUG org.apache.http.conn.ssl.SSLConnectionSocketFactory 388 createLayeredSocket - Enabled protocols: [TLSv1, TLSv1.1, TLSv1.2]
2019-06-10 at 19:29:56 CST DEBUG org.apache.http.conn.ssl.SSLConnectionSocketFactory 389 createLayeredSocket - Enabled cipher suites:[TLS_ECDHE_ECDSA_WITH_AES_128_CBC_SHA256, TLS_ECDHE_RSA_WITH_AES_128_CBC_SHA256, TLS_RSA_WITH_AES_128_CBC_SHA256, TLS_ECDH_ECDSA_WITH_AES_128_CBC_SHA256, TLS_ECDH_RSA_WITH_AES_128_CBC_SHA256, TLS_DHE_RSA_WITH_AES_128_CBC_SHA256, TLS_DHE_DSS_WITH_AES_128_CBC_SHA256, TLS_ECDHE_ECDSA_WITH_AES_128_CBC_SHA, TLS_ECDHE_RSA_WITH_AES_128_CBC_SHA, TLS_RSA_WITH_AES_128_CBC_SHA, TLS_ECDH_ECDSA_WITH_AES_128_CBC_SHA, TLS_ECDH_RSA_WITH_AES_128_CBC_SHA, TLS_DHE_RSA_WITH_AES_128_CBC_SHA, TLS_DHE_DSS_WITH_AES_128_CBC_SHA, TLS_ECDHE_ECDSA_WITH_AES_128_GCM_SHA256, TLS_ECDHE_RSA_WITH_AES_128_GCM_SHA256, TLS_RSA_WITH_AES_128_GCM_SHA256, TLS_ECDH_ECDSA_WITH_AES_128_GCM_SHA256, TLS_ECDH_RSA_WITH_AES_128_GCM_SHA256, TLS_DHE_RSA_WITH_AES_128_GCM_SHA256, TLS_DHE_DSS_WITH_AES_128_GCM_SHA256, TLS_ECDHE_ECDSA_WITH_3DES_EDE_CBC_SHA, TLS_ECDHE_RSA_WITH_3DES_EDE_CBC_SHA, SSL_RSA_WITH_3DES_EDE_CBC_SHA, TLS_ECDH_ECDSA_WITH_3DES_EDE_CBC_SHA, TLS_ECDH_RSA_WITH_3DES_EDE_CBC_SHA, SSL_DHE_RSA_WITH_3DES_EDE_CBC_SHA, SSL_DHE_DSS_WITH_3DES_EDE_CBC_SHA, TLS_ECDHE_ECDSA_WITH_RC4_128_SHA, TLS_ECDHE_RSA_WITH_RC4_128_SHA, SSL_RSA_WITH_RC4_128_SHA, TLS_ECDH_ECDSA_WITH_RC4_128_SHA, TLS_ECDH_RSA_WITH_RC4_128_SHA, SSL_RSA_WITH_RC4_128_MD5, TLS_EMPTY_RENEGOTIATION_INFO_SCSV]
2019-06-10 at 19:29:56 CST DEBUG org.apache.http.conn.ssl.SSLConnectionSocketFactory 393 createLayeredSocket - Starting handshake
2019-06-10 at 19:29:57 CST DEBUG org.apache.http.conn.ssl.SSLConnectionSocketFactory 423 verifyHostname - Secure session established
2019-06-10 at 19:29:57 CST DEBUG org.apache.http.conn.ssl.SSLConnectionSocketFactory 424 verifyHostname -  negotiated protocol: TLSv1.2
2019-06-10 at 19:29:57 CST DEBUG org.apache.http.conn.ssl.SSLConnectionSocketFactory 425 verifyHostname -  negotiated cipher suite: TLS_ECDHE_RSA_WITH_AES_128_GCM_SHA256
2019-06-10 at 19:29:57 CST DEBUG org.apache.http.conn.ssl.SSLConnectionSocketFactory 433 verifyHostname -  peer principal: CN=*.163.com, OU=Game Dep., O="NetEase (Hangzhou) Network Co.,Ltd", L=Hangzhou, ST=Zhejiang, C=CN
2019-06-10 at 19:29:57 CST DEBUG org.apache.http.conn.ssl.SSLConnectionSocketFactory 442 verifyHostname -  peer alternative names: [*.163.com, 163.com]
2019-06-10 at 19:29:57 CST DEBUG org.apache.http.conn.ssl.SSLConnectionSocketFactory 446 verifyHostname -  issuer principal: CN=GeoTrust RSA CA 2018, OU=www.digicert.com, O=DigiCert Inc, C=US
2019-06-10 at 19:29:57 CST DEBUG org.apache.http.impl.conn.DefaultHttpClientConnectionOperator 138 connect - Connection established 192.168.3.156:49686<->59.111.181.60:443
2019-06-10 at 19:29:57 CST DEBUG org.apache.http.impl.execchain.MainClientExec 255 execute - Executing request POST /api/v1/resource/comments/R_SO_4_1361348080?csrf_token= HTTP/1.1
2019-06-10 at 19:29:57 CST DEBUG org.apache.http.impl.execchain.MainClientExec 260 execute - Target auth state: UNCHALLENGED
2019-06-10 at 19:29:57 CST DEBUG org.apache.http.impl.execchain.MainClientExec 266 execute - Proxy auth state: UNCHALLENGED
2019-06-10 at 19:29:57 CST DEBUG org.apache.http.impl.conn.LoggingManagedHttpClientConnection 124 onRequestSubmitted - http-outgoing-1 >> POST /api/v1/resource/comments/R_SO_4_1361348080?csrf_token= HTTP/1.1
2019-06-10 at 19:29:57 CST DEBUG org.apache.http.impl.conn.LoggingManagedHttpClientConnection 127 onRequestSubmitted - http-outgoing-1 >> accept-language: zh-CN,zh;q=0.9,en;q=0.8
2019-06-10 at 19:29:57 CST DEBUG org.apache.http.impl.conn.LoggingManagedHttpClientConnection 127 onRequestSubmitted - http-outgoing-1 >> cookie: _iuqxldmzr_=32; _ntes_nnid=5f35c81e1c3d3568081d4e63a6369dac,1556978311215; _ntes_nuid=5f35c81e1c3d3568081d4e63a6369dac; WM_TID=oOLDQhrplvBAFRUVQVdtiYzTiiPUW8Oh; JSESSIONID-WYYY=vAq2iywtKNzXtWFFDBYQDCrVwdc%2Bu2DA%2F5BI%2B5%5CRvfiQsHHsFIt4HAmpGo2xgric7VMyoE%5Ct1ZQnXkHgYEv0e%5C69VXpp5KyZMWtrp2%2FKTCyyZ%5CEZJ6Z7%2Fxw%5C%5CgSzbwpbJCiAjkFvcstSSpYJ%2BtWhvdxRofICnYlFQUCijlQ8ceRcHbAU%3A1559967429130; WM_NI=FVZ%2BzjoLxdBOIVVADUwwquwGVG5K4Z5RYcC5wZq0gJLqBx%2FLkTqnO%2B86QhBDmn5FwseMSb2w5zt3v5vCzvbvBt%2FmqLrMUz7DwP8LpyrbsQ9sTiDDWDWgRi%2BZHo9umWuienk%3D; WM_NIKE=9ca17ae2e6ffcda170e2e6ee82f1408ab7bd89c97faf928ab6d44b869a8ababc67f4b1a6b5f662869bbc98f32af0fea7c3b92a868a96ccf962ad94b885c1458b8a9aa2c75fb5a9bf96f64d9699fbacb752f78e9784c23fb586bfd1e64290af8e99ae48a98cbf8fce21fcea9f89c150afb2fba7f679a7939d83b17df7a6bcd4f53fb69db697e17e82ace18ef448b2939b9bb650b590f8adf373b2bebdb2bc7998b78ca5d65095b99e8aaa528cb1f796f05db7b7ab8fea37e2a3
2019-06-10 at 19:29:57 CST DEBUG org.apache.http.impl.conn.LoggingManagedHttpClientConnection 127 onRequestSubmitted - http-outgoing-1 >> content-type: application/x-www-form-urlencoded
2019-06-10 at 19:29:57 CST DEBUG org.apache.http.impl.conn.LoggingManagedHttpClientConnection 127 onRequestSubmitted - http-outgoing-1 >> accept-encoding: gzip, deflate, br
2019-06-10 at 19:29:57 CST DEBUG org.apache.http.impl.conn.LoggingManagedHttpClientConnection 127 onRequestSubmitted - http-outgoing-1 >> accept: */*
2019-06-10 at 19:29:57 CST DEBUG org.apache.http.impl.conn.LoggingManagedHttpClientConnection 127 onRequestSubmitted - http-outgoing-1 >> Content-Length: 473
2019-06-10 at 19:29:57 CST DEBUG org.apache.http.impl.conn.LoggingManagedHttpClientConnection 127 onRequestSubmitted - http-outgoing-1 >> Host: music.163.com
2019-06-10 at 19:29:57 CST DEBUG org.apache.http.impl.conn.LoggingManagedHttpClientConnection 127 onRequestSubmitted - http-outgoing-1 >> Connection: Keep-Alive
2019-06-10 at 19:29:57 CST DEBUG org.apache.http.impl.conn.LoggingManagedHttpClientConnection 127 onRequestSubmitted - http-outgoing-1 >> User-Agent: Apache-HttpClient/4.4.1 (Java/1.8.0_25)
2019-06-10 at 19:29:57 CST DEBUG org.apache.http.impl.conn.Wire 72 wire - http-outgoing-1 >> "POST /api/v1/resource/comments/R_SO_4_1361348080?csrf_token= HTTP/1.1[\r][\n]"
2019-06-10 at 19:29:57 CST DEBUG org.apache.http.impl.conn.Wire 72 wire - http-outgoing-1 >> "accept-language: zh-CN,zh;q=0.9,en;q=0.8[\r][\n]"
2019-06-10 at 19:29:57 CST DEBUG org.apache.http.impl.conn.Wire 72 wire - http-outgoing-1 >> "cookie: _iuqxldmzr_=32; _ntes_nnid=5f35c81e1c3d3568081d4e63a6369dac,1556978311215; _ntes_nuid=5f35c81e1c3d3568081d4e63a6369dac; WM_TID=oOLDQhrplvBAFRUVQVdtiYzTiiPUW8Oh; JSESSIONID-WYYY=vAq2iywtKNzXtWFFDBYQDCrVwdc%2Bu2DA%2F5BI%2B5%5CRvfiQsHHsFIt4HAmpGo2xgric7VMyoE%5Ct1ZQnXkHgYEv0e%5C69VXpp5KyZMWtrp2%2FKTCyyZ%5CEZJ6Z7%2Fxw%5C%5CgSzbwpbJCiAjkFvcstSSpYJ%2BtWhvdxRofICnYlFQUCijlQ8ceRcHbAU%3A1559967429130; WM_NI=FVZ%2BzjoLxdBOIVVADUwwquwGVG5K4Z5RYcC5wZq0gJLqBx%2FLkTqnO%2B86QhBDmn5FwseMSb2w5zt3v5vCzvbvBt%2FmqLrMUz7DwP8LpyrbsQ9sTiDDWDWgRi%2BZHo9umWuienk%3D; WM_NIKE=9ca17ae2e6ffcda170e2e6ee82f1408ab7bd89c97faf928ab6d44b869a8ababc67f4b1a6b5f662869bbc98f32af0fea7c3b92a868a96ccf962ad94b885c1458b8a9aa2c75fb5a9bf96f64d9699fbacb752f78e9784c23fb586bfd1e64290af8e99ae48a98cbf8fce21fcea9f89c150afb2fba7f679a7939d83b17df7a6bcd4f53fb69db697e17e82ace18ef448b2939b9bb650b590f8adf373b2bebdb2bc7998b78ca5d65095b99e8aaa528cb1f796f05db7b7ab8fea37e2a3[\r][\n]"
2019-06-10 at 19:29:57 CST DEBUG org.apache.http.impl.conn.Wire 72 wire - http-outgoing-1 >> "content-type: application/x-www-form-urlencoded[\r][\n]"
2019-06-10 at 19:29:57 CST DEBUG org.apache.http.impl.conn.Wire 72 wire - http-outgoing-1 >> "accept-encoding: gzip, deflate, br[\r][\n]"
2019-06-10 at 19:29:57 CST DEBUG org.apache.http.impl.conn.Wire 72 wire - http-outgoing-1 >> "accept: */*[\r][\n]"
2019-06-10 at 19:29:57 CST DEBUG org.apache.http.impl.conn.Wire 72 wire - http-outgoing-1 >> "Content-Length: 473[\r][\n]"
2019-06-10 at 19:29:57 CST DEBUG org.apache.http.impl.conn.Wire 72 wire - http-outgoing-1 >> "Host: music.163.com[\r][\n]"
2019-06-10 at 19:29:57 CST DEBUG org.apache.http.impl.conn.Wire 72 wire - http-outgoing-1 >> "Connection: Keep-Alive[\r][\n]"
2019-06-10 at 19:29:57 CST DEBUG org.apache.http.impl.conn.Wire 72 wire - http-outgoing-1 >> "User-Agent: Apache-HttpClient/4.4.1 (Java/1.8.0_25)[\r][\n]"
2019-06-10 at 19:29:57 CST DEBUG org.apache.http.impl.conn.Wire 72 wire - http-outgoing-1 >> "[\r][\n]"
2019-06-10 at 19:29:57 CST DEBUG org.apache.http.impl.conn.Wire 86 wire - http-outgoing-1 >> "encSecKey=76a36adad840caa3f4074f2c133f33ba84fe2d53531fbd7955ce4374b60a1bf7c189eb6d38cbf7c4a0b6b37e362e378430690a6ba1b12386c601b459493bc0d73cec9a128aa660965fb996c433a737683de9d7ed041326df6c9b7af712b6e1fcb5bae16d4bcce2e75b23577ded40e8271408775774e2a714be8d458c74330bcb&encText=FgBeN2cWiFqo83QwZcPqXYxYUgLb%2FDNQsLLz2oT1GUViHjWM58qeBl41v9JJVs6%2BC80J2C6NC1eDXpbcbvQfFP2p1CWLo7ZpJQPJkS7QFRmF%2Fr9QQjwIWQwTb99eV8hXRsPOSr2vKEH5LH7OwU5PAQiYpynWxwmlkinUCcAo8W7SnAb40meY82DPg0eb2Xjb"
2019-06-10 at 19:29:57 CST DEBUG org.apache.http.impl.conn.Wire 72 wire - http-outgoing-1 << "HTTP/1.1 200 OK[\r][\n]"
2019-06-10 at 19:29:57 CST DEBUG org.apache.http.impl.conn.Wire 72 wire - http-outgoing-1 << "Server: nginx[\r][\n]"
2019-06-10 at 19:29:57 CST DEBUG org.apache.http.impl.conn.Wire 72 wire - http-outgoing-1 << "Date: Mon, 10 Jun 2019 11:29:57 GMT[\r][\n]"
2019-06-10 at 19:29:57 CST DEBUG org.apache.http.impl.conn.Wire 72 wire - http-outgoing-1 << "Content-Type: text/plain;charset=UTF-8[\r][\n]"
2019-06-10 at 19:29:57 CST DEBUG org.apache.http.impl.conn.Wire 72 wire - http-outgoing-1 << "Transfer-Encoding: chunked[\r][\n]"
2019-06-10 at 19:29:57 CST DEBUG org.apache.http.impl.conn.Wire 72 wire - http-outgoing-1 << "Connection: keep-alive[\r][\n]"
2019-06-10 at 19:29:57 CST DEBUG org.apache.http.impl.conn.Wire 72 wire - http-outgoing-1 << "Vary: Accept-Encoding[\r][\n]"
2019-06-10 at 19:29:57 CST DEBUG org.apache.http.impl.conn.Wire 72 wire - http-outgoing-1 << "Cache-Control: no-store[\r][\n]"
2019-06-10 at 19:29:57 CST DEBUG org.apache.http.impl.conn.Wire 72 wire - http-outgoing-1 << "Expires: Thu, 01 Jan 1970 00:00:00 GMT[\r][\n]"
2019-06-10 at 19:29:57 CST DEBUG org.apache.http.impl.conn.Wire 72 wire - http-outgoing-1 << "Cache-Control: no-cache[\r][\n]"
2019-06-10 at 19:29:57 CST DEBUG org.apache.http.impl.conn.Wire 72 wire - http-outgoing-1 << "X-Via: MusicServer[\r][\n]"
2019-06-10 at 19:29:57 CST DEBUG org.apache.http.impl.conn.Wire 72 wire - http-outgoing-1 << "X-From-Src: 36.110.19.90[\r][\n]"
2019-06-10 at 19:29:57 CST DEBUG org.apache.http.impl.conn.Wire 72 wire - http-outgoing-1 << "Content-Encoding: gzip[\r][\n]"
2019-06-10 at 19:29:57 CST DEBUG org.apache.http.impl.conn.Wire 72 wire - http-outgoing-1 << "[\r][\n]"
2019-06-10 at 19:29:57 CST DEBUG org.apache.http.impl.conn.Wire 72 wire - http-outgoing-1 << "cd3[\r][\n]"
2019-06-10 at 19:29:57 CST DEBUG org.apache.http.impl.conn.Wire 72 wire - http-outgoing-1 << "[0x1f][0x8b][0x8][0x0][0x0][0x0][0x0][0x0][0x0][0x3][0xdc]YkS[0x13][0xd9][0x16][0xfd]+[0x98]Os[0xab][0x0][0xd3][0x9d][0xee]NB[0xd5]|@[0xd0][0x19][0x1d][0xf1][0x8e][0x88]o,+B[0x3][0xc1][0x90][0x8e]y[0x0][0xea][0x9d][0xaa][0x8]J @[0x2][0xc8]C$[0x18][0xe5])[0xc8][0x1b][0x1c]BB[0x92][0xff][0xe2][0xe4]tw>[0x8d]?[0xe1][0xae][0xd3][0x1d][0xa0][0x1][0x1d][0xbd][0x8e][0xd6][0xcc][0xdc][0xaa]F[0x93][0x93][0xf3][0xdc]g[0xaf][0xbd][0xd6][0xde][0xfd][0xd0][0xe4][0xf4]U[0x5]|[0xce]:[0xa7][0xc3]m*kp[0xb8]|b[0xb1])[0xe0][0x13][0xbd]g[0xeb]Me%L[0xb1][0xc9]/y*[0xa4][0x96][0x16][0xd1][0xed][0xf7][0x99][0xca]n[0xde]*6[0xb5]H^[0xf1]G[0xc9]o*[0xf3]{[0x3][0xe8][0xdb]$[0xf9][\r][0xbf]?[0xd4][0xc6][0x9a][0xca][0x1e][0x9a]\R[0x9d][0xc3][0xef][0x94][0xdc]g[0xdd][\r][0x92][0xa9][0xcc][0x1d]p[0xb9][0x8a]M.g[0xab]h[0xfc][0xee][0x8][0xf8][0x9b].[0xf9][0x1d][0xfe][0x0][0xa6]6[0x17][0x9b][0x1c][0xad][0xe][0xbf][0xc3]{[0xd9][0xeb]2[0x95][0x99][0x9a][0xfc]~[0x8f][0xaf][0xec][0xe4]I[0xf][[0xda]B[0xb7]W[0xca][0xb0]B[0xa9][[0xf4][0x9f]d[0xe0][0x99][0xb6][0xe6][0xe6]k.[0xb1][0xae][0xfd][0xdf][0xe7][0xae]^n[0x17][0xae]U[0x9c]i[0xfb][0xfe][0xfb][0x93][0x8c][0xd9]n[0xe7][0x19]F[0xb0][0x8][0xac]`e[0x5][0xde][0xc6][0x95]6{[0x1a]M[0xc5]&[0xb1][0xdd]#z[0xe9][0xee][0x1f][0x9a]X[0xcc],/[0xcd]+[0x99]H>[0xbe][0x99][0xdb][0x19][0xf8][0x8f][0xfc][0xf6][0x91][0xfa][0xaa]O}[0xfb]X]YU3[0x99]\2i[0xfa]eoD[0x8d][0xa3][0x91][0x1e][0xd9]D[0xd2][0xeb][0xea]|[0x17][0x89][0xc4][0xc9][0xf4][0x1a][0xa6][0xd3][0x87][0xd0][0xf][0xda]D&[0x98][0xc4]+[0xb6]8[0xbc]w/8Z[0xc4][0xbd][0x93][0xb6]:=[0xd5][0xce][0xc6]&}U[0x87][0xcf]'[0xc1][0xbe]~[0xc9]K[0xf7][0x80][0x9f]*[0xa4]z[0xf4]d[0xcc]8[0xb3][0xb7][0xd0][0x8b][0x1a][0x13]+kg[0xfd][0xd9]Qw[0xd7][0xd1][0xb8]?[0x97]W[0xac][0xbf][0xe2][0xf4][0x94][0xbb][0xdd][0x1][0x87][0xab]B[\n]"
2019-06-10 at 19:29:57 CST DEBUG org.apache.http.impl.conn.Wire 72 wire - http-outgoing-1 << "[0xb8]a[0xfa][0x12][0x6]}[0xe9]-[0xd5][0xdc][0xf7][0xa0][0x1f]Kg[0xc2][0xbc][0xfa]7[0x6][0xb7][0xb6]w[0x83][0x16][0x16][0xc6]0[0xf3][0xc5]&[0xb7][0xb3][0xee][0xae][[0xdb][0xa0][0xa9]R[\n]"
2019-06-10 at 19:29:57 CST DEBUG org.apache.http.impl.conn.Wire 72 wire - http-outgoing-1 << "[0xdc]q[0x89][0xd5][0xe][0xa7][0xfb][0x8e][0xd4]v[0x9b][0x9e][0xf7][0x8e]X-z\N[0x11]WNo[0xd8]#[0xba][0xeb][0x1d]n%nc[0xef]<[0xbe]&[0xa9][0xed][0x8c]K[0x92][0xbc][0x85][0xbb][0xde]o?[0xb8][0xbd]:[0xdd]K[0xa8][0xdf]0[0x9c][0xc0][0x9]V[0xbb][0x99][0x17][0x8a]Mu[0x92][0xdb][0xf][0xe7][0x81][0xe1]I[0xfa])[0x99][0xdd]Qg[0x16]I$[0xa5]&[0xdf][0xe4][0x12]a[0xe5][0xf9][0xe3]|jP[0x19]O[0x97]*[0xb]Y|'+[0x9d]rO[0x90][0x8c][0xc6][0x94][0xee]u[0xfa][0xdb]TL[0xed][0xd9]([0xbd][0x99]Kn[0xe0][0xb9][0x5][0x93][0xfb][0x9d][0xd4][0xc4][0xc][0xcf][0xb],[0xcf][0x8]v[0x8e]1[[0xa8]W[0xdd][0x15][0xeb][0xb][0x86]a[0x18][0xde]lE[0x1b][0xee][0xdc]+[0xfa]|[0xf0]?[0xcd][0x9d]t[0xf7]+[0xec][0xf0]|[0xc1]3uk[0xc1]r[0x1e][0x87][0x17];,[0x9c][0x8c][0xee][0x1f]m[0xf5]b[0x9d][0xe4][0xd5][0x1c][0x18]w[0x6][0x13]yu[0x3]U[0xe1][0x9e][0xf7]a[0xa2]-\[0xf8][0xf6]K[0xf1][0xe7][0xba]>[0xa0][0xe1]lu[0xba][0x1b][0xf7][0x1c][0x9f][0x82]L[0x3][0x6][0x16][0xb6]163[0xcb][0xa2][0xc1]+I-5N[0xbf][0xb][0xa7]5[0xc9][0x9d][0x9b]r8,w[0xf][0x92][0xe1]u%5[0x9e]K[0xbf]$[0x3]K0F[0x9d][0xd4]*[0x1a][0xd0]B[0xc1]b9[0x2][0x96][0xb3][0x15]w[0xc5][0xca][0xaa][0xfb][0xfe]vGy[0x83][0xbf][0xbc][0xe1][0xba][0xe0][0xae][0xb9][0xe6])7[0x80][0x85][0x83][0xc1]X[0xc1][0xce]Xl[0x5][0xb0][0xec];[0x8e][0x9d]a[0xec][0x1c]o[0xc6][\r][0xd2][0xbd]\[0x0][0x86][0x19][0xc1]*[0xf0][0x2][0xc3][0xc2]:t[0xbf][0x5][0xd7][0x83]m[0xbe][0x4][0xc6][0xed][0xf].[\n]"
2019-06-10 at 19:29:57 CST DEBUG org.apache.http.impl.conn.Wire 72 wire - http-outgoing-1 << "M[0xfc][0xb9][0x1f][0x1a][0xae]_[0xba][0xdc]r[0xcf]}[0xae][0xea][0xec][0x9d][0x1b]W[0xe][0xef][0xcc]b[0xb5][-[0x16][0x8b][0xfd]8[0x8c][0x19]XE[0x7]0[0x80][0x99][0x9f][0x1a], [0xb7]X[0xc3][0xb7][0xfe][0x3][0x99][0xc8][0xc8][0xa3][0xa1][0xf]CZ[0xf7][0x86]?[0x4][0xad][0xde][0xc5][0x88]0\[0xca]>[0xc2]`[0x81][0xf][0xd8][0xc9][0x0]1[0xb2][0x16]U^n[0x91][0x89][0xa9]\"B[0xb6][0xb7][0xc8][0xab][0x17]Jz,[0xdf]1[\r][0xa7]&3Qyl6[0x9f]z,?[0x8b]~+[0xec]Y[0xcd][0x1c][0xcf][0x2][0xf4][0x7][0xd8][0xcb]%[0x82][0xca][0xc4][0x16]Y[0xdd][0x91]W[0xa3][0xb9][0xc4]"[0xe2]\[0xbe]3Mf[0xd3][0xb9][0xdd][0xe7][0x5][0x97]J[0xcc][0xc9][0x93][0xb3]$[0xd3]Mf[0x9e][0xe7][0x93])[0xa5]s[0xee][0xf7][0xdd][0xbe][0xdc]N\]IP[0x87][0x9b]YP[0x86][0xe3]dm]~[0xb6][0x8a][0xa9]0[0x83][0x1c][0xeb]Qfv[0xd5][0x8d]>z[0xa4][0x9d]-5[0x9d]"[0xb3][0x9b]d[0xfa][\r][0x1d][0x95][0xee]B72[0xd7]![0xbf][0x88][0xa1][0x1b][0xd6]"[0xdd][0x18][0xfe]:[0x97][0xec][0xc2]T[0xe8][0xaf]f[0xc7][0xe9]~zv[0x94][0x8e][0x1d][0xf4]'[0xd1]U[0x15][0x9b]Y[[0xc7]f[0xf2][0xc1][0x97]r[0xf7][0x0][0xba][0xd1][0xe][0xc3][0xf1]\bY[0x8e][0x5][0x95][0xcd][0xb8][0xb2]9B[0x3][0xc2][0xa3]1[0xb9]+[0xf3][[0xb0][0xa3][0x88]L>'[0xbb]I[0xf5][0xed]66[0x8d])[0x94][0x89]D.[0xfb]J[\r]-[0x92]m[0x1a]8pTu[0xbe][0x87][0xb6][0xc7]g[0xf3][0x8f][0x9e][0xe6]R[0xc1][0xdc]N[0xb7]<[0xf6]+[0x9][0x8e][0xab][0xab][0xb3]$[0xda]OB[0xa9][0xf7][0xf1][0xf1][0xce]"[0xd2][0x19]U'B[0xef][0xe3][0x3][0xfd]XO~[0xb9][0xad][0xed][0x86][0x9e][0x8d][0xc4]^[0xeb][W[0x13][0xb][0xfa][0xa6][0xf5][0xe1]rO?[0x19]Z"[0x13]/[0x10][0xc3][0xe8]>[0xde][0x5]'k[0x1c][0xf7]][0x92][0xb7][0xe8]R[0x9b][0xb3][0xc1][0xff]>>[0xd4][$/M[0xa9][0xd9][0x8][0x1d][0x95][0xea][0xce]%#[0xb4]sz([0x1f][0xeb][0xc1][0xf3][0xfb][0xee][0xa3][0xf7][0xf1]H[0xcf][0xd1]H[0xc6]q[0x2]k[0xd3][0xc2][0xc0]A$[0x13][0xcc]f[0xb][0xc0][0xf7]7[0xe]d:F[0x8c][0xe0][0xc7][0x11]>[0x8b][0xc3]O[0xb3][0x97][0x9a][0xed][0xd5][0x2]+[0xb9][n\[0xbb][0xc3][0x9c][0x9][0xdc][0xab][0xb4][0xfc]h[0x4][0xbf][0xc5]fg[0xc0][0xe6][0x82]`9[0xe][0xfe][0xa3][0x1c][0xfe][0x9][0xf2][0xee][0x8f][0xa8][0xab][0xcb]0[0xb8]2[0xfc][0x96],[0xf][0xe0][0xc3]_H[0xdb]<[0x82][0xe5]ALa[0x10]F[0xf6]C[0x8a][0x91][0xb4][0xa1]d[0xcc]v[0xb]k[0x7][0x8f][0x19]b[0x8a]:[0xd0]G2[0xdb][0xb9]D?>|*p<49[0xc1]&V3][0xc2][0xd9][0x2]-q [0xaa](M0Gh[0xe2].[0xe3]?[0xe5]v;[[0xaf]K[0x8d]W*o[0x94]p[0xe7][0x1d][0xe7][0xca][0xef][0x1d][0xba][0xf][0xb]c[0x1][0xa9][0xb][0x82][0x1e][0x8c]q[0x8c]/[0x10][0x4]v[0xde][0xca]r[0xc6][0xa0][0xa4]cB[0x1e]]#[0xfd]#[0xbf][0x5][0xc3]U[0xa2][0xf3];4[0xfd][0xeb][0xb7]`/[0xe0][0xa7][0xa4][0xa2]$[0xd2][0xa5][0xfe][0xfa]$?[0x92][0xa5]1fe:[0xb7][0xfb]R[0x8e][0xc5][0xc9]@D[0xc7][0x15][0xd5][0xf][0xc9],[0x10]%/[0xf7][0x11][\n]"
2019-06-10 at 19:29:57 CST DEBUG org.apache.http.impl.conn.Wire 72 wire - http-outgoing-1 << "[0xe0]e[0x12][0x1c]"][0xe3][0xe8],?[0x8e][0x93][0xe8][0xe][0x89]n[0xd3][0x0][0xb6][0xfe][0x8a]d[0x1e])[0x93]AH[0x1c]`8[0x97][0xa2]A[0x18]3([0xa9][0xa7]@{~:"[0xbf][0xdc][0xa5]C[0x86][0xd1][0xff][0xd9]Mu6[0x8b]G[0x8e]%[0xe5][0xf1][0xe4]1[0xc1][0xc1][0x9b]9[0xb3][0xd9]~Xpp[0x16][0x8e]A[0xa4][0xfd][0xba]05[0xdd][0x9][0xdc][0x81]D[0xd3][0xa4][0x94][0x99]J[0xbd][0xaf][0xa7]>[0x8e][0x83][0x16].[0xf2]Y[0xa0][0xe5]][0xe5]L[0xc9]O[0x15][0xad][0xf7]jN[0x95]3[0x1]_[0xdd]O[0x95][0x8d][0xb6][\n]"
2019-06-10 at 19:29:57 CST DEBUG org.apache.http.impl.conn.Wire 72 wire - http-outgoing-1 << "[0xa3][0x93]p[0xc][0xb]E[0xc6][0x9b]-[0x1f][0x1][0xed]W![0xe6][0x87][0xa6][0xaf][0xaf][0xa6][0x8f][0x8a]i[0xf6]#[0xb8][0xe4]X[0x9b][0x8d][0xe5]l6[0xeb]!\[0xe6][0x9f]e[0xf3][0x93]C[0xd4][0xa9][0x96][0x96]r[0x89]N[0x12]]T[0xfa][0xde]|[\n]"
2019-06-10 at 19:29:57 CST DEBUG org.apache.http.impl.conn.Wire 72 wire - http-outgoing-1 << "[0xa0][0xfa]5|[0x1][0x88][0xac][0x9c][0x99]G\8`v[0x1d]'p[0x90][0x0][0xa4]8[0xf4].[0xc5][0x7][0x98]R[0xa3][0x1b]]k[0xeb][0x12][0x1b][0xce].[0xf7]d@F[0x90][0xd4]$[0xbd]@[0xbf]Nl[0xe9]- f[0x9d]:[0xbf][0xab]:}[0xe2]_[0xef][0xe3]s[0xbd][0xef][0xe3][0xc3][0xcf]5VL[0x85]A[0xfd]P[0xed]:[0xe4][0xe4][0x81]d[0xe1][0x90][0xbb][0x90][0x4][0xf3][0xca]T[0x9c][0xb2]|,[0xae][0x6][0xfb][0xd4][0xd0]&[0xa6][0xd4][0x98]}QIn[0x82]r[0x95][0xd4][0x16]Y[0x1b][0xc6]^[0xd4]lZ[0x9e][0x9a][0xa3][0xf2]`yA}[0xbc][0xe][0x98][0x81][0xe2][0xd5][0xc9]-u[0xf2]Wyy[0x9a][0xec]FA[0xe3][0xf9][0xe9][0x17][0x18][0xe][0xb6][0x84]r[0xd0][0x88][0xb7][0xeb]]0[0x86][0xc8]@[0x87][0xeb]=G[0xba]Ir[0x18]t[0xfb].[0x88][0xf1][0xc4][0x90][0xc4][0x91][0x89][0xb4][0x92][0xc4]3[0x87]nT[0x96][0xa4][0xfb][0xf5][0xce][0xb9][0xd4]8b[0xbd][0xdc][0x13]"[0xe1][0xd7]$[0x4]-[0xd1][0xab]d[0x9f][0xa8]]A[0xba]D:K2c[0xb9][0xc4][0xa8]2[0x82][0xa8][0xf1][0x98][0xc4][0xe8][0x12][0x90]([0xb9][0x14]./[0x88][0x9d](]Kd&[0xa6][0x8c][0xae]*[0xbd][0x1d]`x[0xac]X[0xeb][0xae][0xb9]d-r[0xfa][0x8a][0x90]?@[0xb7][0x9f]8q[0x2][0xdc]NB]d&D[0x15]T"I[0xed][0xa3][0xf5][0x87]![0xc9][0xc0][0xd8][0xef][0xbb][0xf1]c[0x4]o[0xb7][0xda][0xac]G[0x8][0xde]"0[0xff]8[0x82][0xff][0xdc]X[0xd1][0xf0]C[0xeb][0x99][0xeb][0xb7]/[0xdb][0xab]+.[0x9e][0xaa]b+[0xb9][0xa6][0x8b]-[0x96]Jc[0x92][0xce]1[0x16]3[0xcf][0xc0]&[0xec][0x9f]#x[0x1d]G[0xff][0xa3][0x94]7[0xe2][0x1b]'[0xda][0x93][0xf2][0x2]c[0xb5][0xda]m6[0xe6]0[0xbc]uy[0xa7][0xa9];J1[0x13]i[0xd0][0x8d][0x9a][0xdd][0x86]V[0xfd]f[0x18][0xb7][[0x5][0x1b]h[0xe6][0x0][0xe3][0x17][0xc4][0xb6][0xa2][0x9f]%[0xf][0xfe][0xda]Do[0xad][0xfb][0xd2][0xf9][0xf2][0xeb]E[0xa7][0xca]+~[0x2][0xf9][0xdd][0x4][0xe4][0xd4][0xcc][0xce][0xad]Z7e[0xd0][0xd3]h[0x1]}[0xe6][0xd2]1[0xb8]%[0xbc]6?7[\n]"
2019-06-10 at 19:29:57 CST DEBUG org.apache.http.impl.conn.Wire 72 wire - http-outgoing-1 << "n[0xd5]E;>[0xcb][0x91]Y`S[0xc7]:[\r][0x0][0xbd][0xb3]rx}_5[0xe3]`7[0x91]x[0x93]l'fS62jh[0x8b][0xc2]/[0xdc]Af[0xa3]d[0xa8]O[0xe]?U[0x83][0x9b]h[0x91][0xc7]zI[0xa6]W[0xcb][\r][0x16][0x90][0x95][0x2]9[0x18][0x2][0xa4][0xe5][0x12][0xc3][0xf2][0xd2][0x86][0x92]F[0xd2][0xd3][0xf]A3?[0x14][0x97];[0x9f]`.@_[0xe][0xa6][0x94]T[0x1c][0xd1][0x7]z[0xbd]:[0xe0][0x12][0x8b]j[0x9a]D[0xed]HZ[0xed]i[0xef][0x10][0xd8][0xfd]1[0xe4][0xd8][0x4][0x81]&[0xf4][0xc6]$[0x9f][0xe5]8;[0xee][0xf0][0xeb]r[0xee][0xdf][0x84]e[0xaf][0xdd]m[0xac]>[0xfd][0xa0][0xf1]T[0xb5][0xa5][0xea]:[[0xdd][0xea]o.[0xa9][0xbf]w[0xfb][0xa2]1c7C[0x8b][0x99]m[0xbc][0xfd]#,[0xb][0x93]S[0xf9][0xf3][0xe7][0xd2][0xdf][0xbf][0x92]e-[0x2][0x87][0xba][0x83][0x95][0xb1][0x1d]b[0xd9][0x92]|b0[0xbf][0x1d]W[0xde]n*[0x91][0xd9][0x92]OAO[0xd7][0xbf]Pkp[0x93][0xcf][0xd0][0xbf][0xf7][0xab][0xae][0xb5][0xd5]4y][0xd5]%[0xf6][0xd3][0xa7]l-%[0xed][0x15]m[0xe7]j[0x8c]F[0xb7]P[0xfd]k[0xe1]y[0xab]n[0xf4]/[0xd3][0xbf]6[0xc6]~8)[0x7][\r][0xab][0xe3];[0x14]Q[0xdb][0xeb]d[0x6][0x5][0x81]U[0x10][0x8b][0xba][0xbd][0xa9]nw[0xa2][0x11]rIY[0x9a][0xab][0xf5][0xe2][0xc7]|[0x7]mP[0x9f]N[0xca]Hx[0xb5]^[0xf9][0xb1]E[0xa5][0xf3][0x11][0x1a][0x95][0xd8][0xae]29Q[0xeb]U:[0xc6][0x95][0xce]e[0xda][0x90][0x9c][0x2][0xc3][0xeb][0xbd][0xc8]pH[0x9d][0xa7][0xd2][0x84]dV[0x94][0xa5][0xc1]Z/([0x97][0xcc][0xf][0x18]3V[0x92][0x98][0x83]6[0xa6][0xc][0x86]m[0x8c][0xae][0xe5][0x12]O[0xf5][0x98][0x81]hB+N[0x85][0x8c][0x91][0xac][\r]R[0x2][0x7][0xce][0xd7][0xa2][0xe4][0x9][0xa8]2CF[0xe6][0xa8]P[0xdf]M[0x92]p[0x16][0xa0]V[0xa7][0x96]?[0x84]^[0x81][0xe1][0xa8]\2[0xa2][0x97][0xe1][0xad][0xf6][0xaf][0x9e][0xd8]~C[0xc5][0xfc][0x87][0xf5]:[0xa8]3[0xf5]Tc[0xbd]N[0xcd]N[0xd0]R[0xca][0xc0][0x92][0x96][0x98][0xcc][0x17][0x91]gY<[0xba]u>P[0xb3][0xe3][0x8e]$c[0xcd][0x8d]gn4_[0xf4][0xdf][0xae][0xf1][0xb5]5]j[0xe4]o[0xd4][0x9c]=[0xdf]v[0xfb][0xb0][0xce]fx[0x86][0x17]l[0xbc]p[0xb4]f[0xc7][X[0x81]C|0[0xd4][0xec]x[0xd6][0x6][0xe7]e[0xb5][0x8][0xfa]gkvL `-oh[0x11]<}[0xf5][0xaa][0xbb][0xba][0xa4][0xbe][0xfa][0xc1][\r]I4[0xc2][0x84][0xb2]:%v[0xeb]GJ[0xef][0xdb][0xc][0xe0]X=[0xdd]([0x11][0x8c][0xa9][0xb9][0xe5][0xc0][0xc4][0x86][0xd4][0xfc][0x2][0x8a][0xeb][0xe7]$[0xb7][0xc3]G[0xeb]U[0xa8]:j[0xaf][0x13]>[0x15][0xa3][0xbe]8[0x5][0xb0]sV[0x9a][0x85][0x1e][0xc8][0x3][0xea]m#[0xb4]^g[0xd0]*[0x85][0xda]St[0x90]$:!K[0xf]d{z[0x4][0xb7]@Vf[0x80]t53[0x8][0xd4][0xef][0xe3][0x1d][0xe2][0x1f][0x88][0xc6]4[0x90][0x14][0xf2][0xd2]+[0xc4][0x84]|[0xa8]_A[0xa1]2[0x96]T[0xb2][0xbb]EJj^I-[0x93][0x81]U[0xb5]{[0x11][0x9d][0x90]q [0xd5][0xa1]T[0x9f][\r]![0xda][0xa0][0xb4][0x88][0xf]$[0x83][0xda] [0xea]u)[0xd2]=[0xa6][0xc5][0xa2][0xed]\[0xb2]G][0x9b]V_[0x7]s)[0x14][0xde][0xc2]r[0xe2][0x89][0x92]\%[0xe9])[0xa4][0xe5][0xb4][0x83][0x96][0x87]C\[0x90][0xc1]0[0xe9][0xa6][0xc5][0xc3]B[0xd9]0[0x1c][0xc6][0xfc][0xf2][0xea]0[0x94][0xc]R[0xf4][0xfc][0xc4][0xeb]"TOQ[0xc4][0x83][0xa6][0xc9]e[0xb2]X[0xf]M[0xc8]t[0x90][0x9c][0xc8][0xe3]T[0xa5][0xe8][0xa1][0x94][0x8e][0x9f][0xdd][0xc1][0x9e]HW?[0xed][0x83]![0x89]E[0xa4]?[0xa4]oT+[0xbe][0xf5]!Q[0xd9]o'+}4[0xf][0x89][0x8d] !)[0xc6]'[0xa5]+[0xe])[0x84]2"[0x8d]iHnh[0xe6]A[0xa3]e[0x91]Q[0xed][0xa3][0xb0][0x7][0x11][0xa5][0xa7]9[0xe4][0xc9]k=C[0xa1]k~T[0xf9][0xb][0x82]M8[0x1a][0x1][0x11]4[0xfe]_[0xf5][0xcb]Y{[0x8d](=h[0xac][0xbb]x[0xa5][0xca]S[0xd1][0xec]i[0xff][0xb9][0x84][0xbb]z[0xf9][0x90][0xf2]G][0x93][0x13]l6n[0xef][0x8d][0x3]d[0x9c][0xfe]zN[0x7][0x84][0xfe]U[0xf7][0xf6][0x5][0xea][0x1e]z~[0xbf][0xa6]f[0xd0][0xf6],[0x84][0xbd][0xd9][0xca][0xd3][0x84][0xcb][0x80][yh[0xa1][0xd1]q?[0xff][0xe6][0x99][0xdc][0xd3][0xfb][0xcd][0xe0]j[0xb5][0xa1]*b[0x84]+[0xf5][0xb2]T[0x84]+e,[0xa8]P[0xe9][0x89]:Yy[0x86][0x2][0x97][0xce][0xbf]@%[\n]"
2019-06-10 at 19:29:57 CST DEBUG org.apache.http.impl.conn.Wire 72 wire - http-outgoing-1 << "Y[0xea][0xca]+T[0xab][0xf0][0xc0][0xa7][0xa1][0xe7]P[0xce][0x86][0xbb][0xe9]i+*[0xf7]H7[0xe1]q[0xa0][0x14][0xfd][0xa9]u[0xef][0xf]=[0x82]f=[0xc1][0xce][0x87][0xc2]$[0x94][0xc4]LUW [0xdb][0xc9]@[0x1f]-fG[0x7][0xf1][0xe6]SCLZ[0xce][0x6]i[0xa6]<[0x12][0xbe][0x89][0x97][0x9b][0xf2][0xe6][0xe2][0xad][0xbd][0xff]1[0xb1][0xf6][0x82]T[0xf][0xdc]z[0xb1][0xc]C[0xd4][0x95][\r]5K[0x13]g[\n]"
2019-06-10 at 19:29:57 CST DEBUG org.apache.http.impl.conn.Wire 72 wire - http-outgoing-1 << "[0xa6][0xdd][0xa7]$[0xbc][0xe]P[0x90][0xe8][0xd8][0x91][0x84][0x82][0xbe]&[0x8]R [0xa1][0x3][0xc9][0x8e][0x81][0xe][0xe5][0x89][\r][0xba]"*[0xf7]k4*[0x1]G4+Y[0xa6]/[0x11][\n]"
2019-06-10 at 19:29:57 CST DEBUG org.apache.http.impl.conn.Wire 72 wire - http-outgoing-1 << "Y[0x5][0xde]G[0x8c][0x8c][0xa3][0xfc][0xa7][0xa7][0xe4][0xea][0xe3]AH[0x9e]|[0xa8]O[0xaf][0xb5][0xf7][0xbe][0xb][0xd2][0xa7][0xd6][\r][0xab][0xa1][0xb6] [0xf].[0xc8]0[0x4][0xf2][0xf][0xe4]8[0x13][0x1b]$[0xb3][0xa8]DV[0xf5]w[0x2]8[0xcb][0xfe][0x83]J[0xdf][0xde][0xdf][0xb1][0xf4][0xc2][0x8a][0x97]_[0xa8][0xdf][0x1d][0x12]((c![0xbe][0xfe][0xa3][0xd2][0x8b][0xcf][0xad][0xbc][.[0xb4][0xda][0x1d]7j[0xb8][0xca][0xb]L[0xd3]i[0x9b][0xed]A[0xfb][0x1][0x0][0x0][0xff][0xff][\r][\n]"
2019-06-10 at 19:29:57 CST DEBUG org.apache.http.impl.conn.LoggingManagedHttpClientConnection 113 onResponseReceived - http-outgoing-1 << HTTP/1.1 200 OK
2019-06-10 at 19:29:57 CST DEBUG org.apache.http.impl.conn.LoggingManagedHttpClientConnection 116 onResponseReceived - http-outgoing-1 << Server: nginx
2019-06-10 at 19:29:57 CST DEBUG org.apache.http.impl.conn.LoggingManagedHttpClientConnection 116 onResponseReceived - http-outgoing-1 << Date: Mon, 10 Jun 2019 11:29:57 GMT
2019-06-10 at 19:29:57 CST DEBUG org.apache.http.impl.conn.LoggingManagedHttpClientConnection 116 onResponseReceived - http-outgoing-1 << Content-Type: text/plain;charset=UTF-8
2019-06-10 at 19:29:57 CST DEBUG org.apache.http.impl.conn.LoggingManagedHttpClientConnection 116 onResponseReceived - http-outgoing-1 << Transfer-Encoding: chunked
2019-06-10 at 19:29:57 CST DEBUG org.apache.http.impl.conn.LoggingManagedHttpClientConnection 116 onResponseReceived - http-outgoing-1 << Connection: keep-alive
2019-06-10 at 19:29:57 CST DEBUG org.apache.http.impl.conn.LoggingManagedHttpClientConnection 116 onResponseReceived - http-outgoing-1 << Vary: Accept-Encoding
2019-06-10 at 19:29:57 CST DEBUG org.apache.http.impl.conn.LoggingManagedHttpClientConnection 116 onResponseReceived - http-outgoing-1 << Cache-Control: no-store
2019-06-10 at 19:29:57 CST DEBUG org.apache.http.impl.conn.LoggingManagedHttpClientConnection 116 onResponseReceived - http-outgoing-1 << Expires: Thu, 01 Jan 1970 00:00:00 GMT
2019-06-10 at 19:29:57 CST DEBUG org.apache.http.impl.conn.LoggingManagedHttpClientConnection 116 onResponseReceived - http-outgoing-1 << Cache-Control: no-cache
2019-06-10 at 19:29:57 CST DEBUG org.apache.http.impl.conn.LoggingManagedHttpClientConnection 116 onResponseReceived - http-outgoing-1 << X-Via: MusicServer
2019-06-10 at 19:29:57 CST DEBUG org.apache.http.impl.conn.LoggingManagedHttpClientConnection 116 onResponseReceived - http-outgoing-1 << X-From-Src: 36.110.19.90
2019-06-10 at 19:29:57 CST DEBUG org.apache.http.impl.conn.LoggingManagedHttpClientConnection 116 onResponseReceived - http-outgoing-1 << Content-Encoding: gzip
2019-06-10 at 19:29:57 CST DEBUG org.apache.http.impl.execchain.MainClientExec 284 execute - Connection can be kept alive indefinitely
2019-06-10 at 19:29:57 CST DEBUG org.apache.http.impl.conn.Wire 72 wire - http-outgoing-1 << "5f6[\r][\n]"
2019-06-10 at 19:29:57 CST DEBUG org.apache.http.impl.conn.Wire 72 wire - http-outgoing-1 << "[0xec][kO[0xdb]V[0x18][0xfe]+'_[0x96]/[0x9][0x8a][0xe3][0xc4][0x89][0xf3][0x8d]\[0xa0][0xe9]HY[0xc3][0x1d]e[0x8a]Bb[0x92][0x80][0xb1][0x3]qH[0x8d]4[0x9]4U[0xcd][0x4]+h[0xa2]eT[0xb0][0xb6][0xa8][0xa2][0x9d][0x4][0x85][0xb5][0x95][0xb8]U[0xea][0x8f]Y[0xe3][0x84][0xd1][0xe7][0xd8][0x10][0xec][0xd0][0x8a][0x8][0xc8][0x87]U[0xa3][0x91][0x10][0xb5]}|Z[0xfc][0xbc][0xef][0xfb]\<1,([0xe6][0x16][0xce][0xc2]W[0xf5]r>[0xd8][0x82][0xcd][0xc4][0xfc]Z[0xf0][0xb4][0x12][0x9]c[0x9][0xab][0xc7]m2[0xc4][0xdd][0xd4]Zl2[0xc4][0xaf]6[0xbf]!)7[0x10]O[0xf5][0xee]s:[0xcf][0xfb][0xdd]>[0x86][0xa5][0x93][0x8f][0x9][0xf1]9x[0xe8][0xf8]s%[0x81]0vz[\r]}[0x8e][0xe7][0xfc][0xd4][0x93][0xbe]h[0xce][0x80]z[0xa3][0x3]U+[0xfb]F[0xbf][0xa1][0x18][0xd2]e-[0x8a][0x6]Xg[0xc7][0xd4][0xdd]2$h[0xa8]M9hM[0xf8]([0xa0][0xc8][0x12][0x98][0xff][0x94]`|[0xd9][0x12][0xd2]9?o[0xf7][0xf7]f[0x98]p[0x90][0xbe])[0xe5][0xb6][0xc0][0x84][0xf1][0xf2][0x98]|[0xff]S0[0xc1][0xe3][0xd1][0x92][0xd6][0xed][0x1e][0x14]D[0x85][0xeb][0x1c][0x99][0xf5][0xfc]8[0xe0][0xeb][0xc]f[0xa6]9e"l[0x86][0x9]&][0xb7][0x8b][0x81]Qs;][0xcc][\n]"
2019-06-10 at 19:29:57 CST DEBUG org.apache.http.impl.conn.Wire 72 wire - http-outgoing-1 << "[0x13][0x13]$n[0x90][0x11][0xb1][0xaa][0xda][0xf8][0x97]_[0xa0][0x4][0xd5][0xe2][0x1c]%^[0x8e][0xe7]\[0xd4]i[0xb7][0xc0][0xa4][[0x8e]g#[0xf2]@1[0x9e][0x8a]J#Wu[0xc6][0x6][0xd9][0xc6]=Z [0xdb][0xf]"[0x9e]P9:4<0Y[0x9e][0x1d]w[0xe6][0xf8][0xbb][0xb2][0xb7]x[0xdf]<![0xe8]d[0x9b][0x1][0xdd][0xbe][0x91][0xd9][0xc4]A[0xaa]7[0xe3][0xd0][0x18][0x88]k[0xbb][0xbf][0x1][0x84]y[0xa9]h[0xf7]t[0xb8]9[0xbb][0xf6]l[0xad][0xf6][0xea][0x18][0xd8][0xfb]w[0xfe][0xb1]>[0xfe].[0x3][0xae][0xd5]GK[0xda][0xfa][0x1b]P[0xdf][0xda][0xc6]b[0xfd][0xf5][0x82]1[0x5]R[0x17][0xb7][0xb2]oV[0xb6][0xd1][0xa4][0xc][0xc]W[0xb7][0xd6]1[0xc1][0xd6][0xb6][0x97][0xd1][0x92][0xd0][0x98]>[0x1f]nj[0x8b][0xbf][0xd7][0x1e][0xbe]v`.[0xac][0xfa][0x13]=[0x12]L[0xda]H[0xb4][0xc0][0xcc][0xae]V6[0xb5][0xb5][0x17][0xb5]'[0xcb][0xb8]+[0xce]v[0xe0][0x86][0xfd]}[0x1c]6[0x82]*[0xa1][0xfd]up[0xba][0xba][0x0][0x12]a7+[0xf7][0xe][0x8c][0xe1][0xe8][0xef][0x86]V[0xfa]nC[0xfb]pbh[0xf8]v[[0xf5][0xe1][0xaf][0xda][0xda]6[0xf5][0xab][0x8f][0xe][0xa9]D[0xb7][0xbb][0xad][0xfd]C}f[0xc4]e[0xb0]=[0x4][0x97]N[0xd7][0xb7][0xe2]BA[0x91]K3[0x18]i[0xab]+[0x15]DH[0x1c][0xd4][0x9f][0x87]lw8_}[0xfb][0xc]2&[0x9c]lL[0xd5][0xfa]),[0xd1][0x1d][0x19][0xd7][0x1b]jx[0xe3]*[0x1b][0x96]9[0xb3][0xcf]6[0x9e][0xc3];[0xd3]6[0x9f][0xa3][0x81]c[0xa9][0xfa][0xde][0x1]4[0x1][0xcc][0xf5][0xd8]"[0xd6])[0x8a])[0xd5][0xd6][0x83]dJ[0x17]bb[0xc8][0xa7][0xfc][0xd0])[0x96]Sj[0x11][0xc6][0xf8][0xfa][0xa5][0xa2][0xc2][0xb3]([0xd1][0xd6][0xa2][0xc2][0xb3][0x9e][w[0xd3][0xda][0xac][0xec][0xb5][0xda]zc[0xb2][0x98][0x8f][0xe4]s[0xe9]dZ)[0xb1][0x9c]r/#[0xb9][0x82][0x16]M[0x1c][0x86]/[0xcf][0xc0]b[0xe4]]mh[0xbd][0xb7]SS[0x9a]x[0xb2][0xa5][0xf5][0x9a][0x8a][\n]"
2019-06-10 at 19:29:57 CST DEBUG org.apache.http.impl.conn.Wire 72 wire - http-outgoing-1 << "[0xf][0xd1][0xc7][0xef][0xa1]*[0x8f][0xa9][0xf5]&[0xb5]w[0xef][0xab][0xcb][0xab]-W[0x13][0x8c]`-T[0x93]HT[0xed][0x13][0x99]l[0xbc],[0xa6][0xd9][0xd1][0xe9]A[0xb7]3[0x1e][0x1b][0xf6][0x9b]+[0xb5]^M[0xbc][0x1e][0xaf][0xc7]PK[0xae]'[0xdd][0xf1][0xac][0xcf][0x8d][0xf6]w[0xd1][0xd5][0xcf]$[0xb4]"[0x1e]m[0x12][0x8b][0x90][0xbc]D[0xe8][0xc3][0xae][0x92][0xa2],e[0x89],[0x11][0xb0][0xd7]3?.![0xc5][0xbb][0xa2][0x1][0xd2]/[0x97][0xd2]9zjJ[0xca][0x10]U.[0xd9]E[0x11][0xcd][0x1d][0xd7][0x90]1[0x81][0xa4]DY[0x12][0x12]R[0x4][0x87][0xba][0x91][0xd1][0xb][0x10][0x80][0xed][0xec]r[0x82][0x1c][Z[0xc8][0x8][0xf4]6[0x9])[0x1a][0xee][0xb][0x6]H[0xb0][0xa4][0xd0][0xe1]@%"p[0xa6][0xff]}8[0x18][0xb][0x90][0xb0],[0xd9][0x15]2&b[0x5]z[0xa3][0x8e][0x84][0x14][0x16][0xc4]<R[0x98]X[0x10]2[0xbb]Bh[0xf7][0xa6]G[0xc6][0x11]W[0xa1][0xab][0xf5][0xc][0x8d][0xc4]b[0xe1][0x0][0xe9][0x91][0xe5]IR[0xce][0xa5][0x14][0xba]12[0x95][0xca][0xe8]ge[0xe4][0x84][0xd4]-[0xcf]d[0x5][0xb9]T[0xc][0x90][0x11][0xfd][0x88]q}Q&[0xb9]T[0xa1][0xa0]&[0xa4][0xe][0xfd][0xab][0x19][0xd8][0x1e]/[0xc3][0xd2]_[0xbe]yZ[0x80][0xe6][0x87][0xb1][0xe8][0xbb][0x1c][0x16][0xc4][0xb9][0xe1][0xde]Ny2[0x94])[0x95][0xee][0x17][0xd4][0xb4]o4[0x1b][0x95][0xf2][0x96][0x86][0xc6][0xf1]HO[0xb0]P[0x2][0xda][0x0][0xec][0xb6][0xcc][0xd4][0x96]i[0x1]?[0x9c]O[0xb][0xac][0x9b][0xf1]3[0x0][0x93]U[0x9b]Gb[0xe2][0xf4][0xd5]Ju[0xfb][0xe8]*l_{[0xaa][0x86]U[0xea][0xb5][0xe0][0xef][0xab][0x0][0x11][0x1c][0xcd](#[0xe5][0xfc]%[0x9c]9(P.p[0xe2][0xf8][0xd6][0xd3][0x8f][0xd1]<[0x4][0xa0][0x19][0xe8]VdR[0xc8][0x3][0x88]E[0x7]A[0x10][0x98][0xea][0xdd][0xc8][0xb0][0x1d][0xd1][0xb0]\,[0x82]F[0xe][0xd5]H[[0xd8][0x3]1[0xaf][0xaf]-[0xa3][0xf1]B<[0x8f]G~[0x1a][0xe8][0xef][0xec][0x8f][0xf6][0xde][0x83][0xa6][0x6][0x2]k#[0x94][0xc5][0xef]o[0xe1]([0xe2][0xda][0xc6]Nu[0xe3][0xb8][0xfe][0x96][0xfa]g[0x18]10Y[0xe8][0xcd][0xf4][0x85][0x8d]|>y[\n]"
2019-06-10 at 19:29:57 CST DEBUG org.apache.http.impl.conn.Wire 72 wire - http-outgoing-1 << "BKW[0xda][0xfb]@[0[0x2]y[0xbb]+[0x10][0xda][0xa8])[0x8e][0x88][0xda][0xce][0xcb][0xb3][0xd3][0xf5] [0x1d][0x94]94pJ&[0xa0]ka%}O[0xda][0xda][0xdf]tvY}[0xa3]=[0xc6][0x1c][0x0][0x91]`[0x9][0xb7][0xc5][0x7]2[0x96][0xf6]d[0x1d][0xe7][0xd3]iD[0xf7][0xcb][0xab][0x95]G8Jg[0x81][0x93][0x1d][0xb4][0xee][0xea][0xc1]K[0xed][0xe3]*[0xd6][0xb7]5[0x3][0x1a]<[0x8a][0xf7][0xa3][0xd8][[0x0][\r][0x19][0xe7];[0x5][0xf4]\[0x9a][0x19]x[0xd0][0x15]b%ud[0xba][0xaf]+[0xa9][0x86][0x92]s[0xd3]!sO[0x81]~[0x87]0[0x93][0xcb][0xc3][0xdc][0xe][0xa0][\r]XP[0x8c]5"[0xc9][0x8d]Y[0xdd][0x4]>D[0x9e]y?[0xc7][0xd0]H[0xae][0xa9][0xad]bZ[0xc3][0xc7][0xa9]U[0xde][0xd7]*[0x7]N[0xed][0xe9]n[\r]?!^Z[0x9f]_[0xd0]6?9k[0x8b][0x1f][0x9d]Fr[0xec][0x12][0xe7]m5[0xb0]ll[0xcf][0x9c][0xf3][0xc3][0xa6]Z[0xa3]Q[0xff]g[0xf5][0xdb][0x97][0xd5]7[0xe5][0xd5][0xdb][0x96][0xb7]/^[0xc4][0xfb][0xbf][0xd2][0xba][0xf9][0xf9][0xb6][0xde][0x15][0xe0][0x11][0xbc][0xb0][0xb0]5[0xf3][0xbb][0x2][0x8d][0xfc][0x92][0x99][0x7][0x19][0xc][0x8][0xb2][0xa0][0xf1][0xfc][0xa3][0x8e]![0x84][0x85],/[0xa4]~[0x10][0xb6][0xe6][0x2][0xc6]C[0xfe][0xf5][0xe2][0xa9]5[0x17]0[0x4][0xb9]n,_[0x98][0xff][0xe3][0xdb][0xf7][0xc6][0xc0]e[0x0][0xb6][0xca]9[0xd4]p.7[0xce][0xa4][0x86][\n]"
2019-06-10 at 19:29:57 CST DEBUG org.apache.http.impl.conn.Wire 72 wire - http-outgoing-1 << "S[0xa3]I_*&[0xf7][0xdd]Ucw[0xcc][0x95][0xc]f[0x9d][0x17]5[0xc5][0xe7][0xba][0x94]&0n[0x8a][0xdf]:[0xc4][0xf9][0x96][0xd5][0xf8][0xf6][0xeb][0x18][0xdf][0xa2][0x1c][0xac][0xb][0xaf][0xb9]x[0xf1][0xb6][0x80][0xa5]8N[\n]"
2019-06-10 at 19:29:57 CST DEBUG org.apache.http.impl.conn.Wire 72 wire - http-outgoing-1 << "3[0xe5][0xbc]4[0x9e][0x92][0xf8][0xab]F[0x93][0xf3][0xc4][0xac][0xb][0x84][0xb4][0x5][0xda]!e[0x8b][0xc1]tT[0xec][0x9e]s[0xcf][0xfa][0x6]{[0x93][0xd1];c[0x13][0x82]h6i[0x8d][0xc4][0x80][0x1f]n[0xa8]>[0xf3]][0x8f]v[0xf8][0x91][0x3][0xfe][0x2][0x0][0x0][0xff][0xff][\r][\n]"
2019-06-10 at 19:29:57 CST DEBUG org.apache.http.impl.conn.Wire 72 wire - http-outgoing-1 << "361[\r][\n]"
2019-06-10 at 19:29:57 CST DEBUG org.apache.http.impl.conn.Wire 72 wire - http-outgoing-1 << "[0xdc][0x9b][0xeb]O[0x92]q[0x14][0xc7][0xff][0x15][0xfe][0x1]7|[0xb8][0xfa][0xb2]^[0xb4][0x96][0xb9][0x9c]&[0xad]Us[0xa8][0xb4][0x98][0xa8][0x19][0xea][0xa2]W[0xb5]5[0x8a][0xd4][0xd4][0xb2]d[0xa6]Y+[0xbc]4[0xc5][S[0x84][0xd0][0xad]?[0xa5][0xf1]\xUB[0x9f][0xf3][0xfc][0x98]=B[0x1b][0xce]e[0xae]6^[0x0]?[0x9e][0xb]p[0xce][0xf9][0x9d][0xf3][0xbd]p?5c[0x87][0xad]FR[0x81]/[0xc0][0xc0][0x1a][0xf0]8[0xda][0x1f]a[0xef]*:[0xbd][\n]"
2019-06-10 at 19:29:57 CST DEBUG org.apache.http.impl.conn.Wire 72 wire - http-outgoing-1 << "!([0xf4][0xc0][\r]2[0xe5][0x16][0xd8][0xc0]y<.=L&[0x1d][0xf7][0xa2][0x11][0x80][0x0][0x88]5[0x16]K[0xf9][0xac][0x99]B[0xff]>[0xf6][0x8e][0x4]2[0xb7]_[0xa3][0xd8][0xff][0xb1]0[0xbe]*=[0x83][\r]O[0x8a][0x16]PVlU[0x10]3<[0xda][0xb6]1s+[0xc5])[0x1]RxX[0x7]{[0x10]y[0xd2][0xad][0xbc]_6[0xd2][0xcf][0x15][0xa4]O[0x93]"[0xd8][0x86][0xad][0xac][0xd5]7[0x92]t[0x1c]`[0x1c][0xc]D[0xc2]g[0x80][0x1d][0x0]t[0xda]`[0x7][0x1f][0xb0][0x8a][0xab][0xc6]8r[0xa1][0xbc]9-r>[0xde][0xe1][0x9e][0xbe][0xa5][0xf3][0xdf]s[0x13][0x2][0x9c][0x0]k[0x0]Zdw[0x14]Ta->[0x2][0x90]i[0x9]q[0xb][0x87]_[0xb7]%[0xa4][0xaf][0xa1]i[0x1]c[0xb1][0xa6]fP[0x1][0xab][0x97][0xe5][0x85]E[0x88][0x81][0xaf][0xbb]z6[0x85]d[0xda][0xf8][0x90][0xe5][0xb4][0xc6][0x9b]}[0xb5][0xc8][0xc1]p[0xa2][0xe2][0xc])[\n]"
2019-06-10 at 19:29:57 CST DEBUG org.apache.http.impl.conn.Wire 72 wire - http-outgoing-1 << "}[0xc0]%[0xca][0x99]5=?#}[0x1a][0xa6][0x86][0xad][0x14][0xdd][0x10][0x9f][0xa7]![0xaa][0xfa]1o[0xf6][0xd7][0x94][0x15][0x8f][[0xf3]T[0x95][0x15][0x8f]_[0xec]V[0xbf][0xa9][0x96][0xf2]?[0xda]>[0xba]3[0xf6][0x1f][0xd5]V[0x93][0xe3]n[0xe7][0x9d][0xc1]`[0xb3]7[0xd1][0x9f][0x18][0x89][0xf][0xb5][0xf6][0xf8]:[0xfa][0xda]:[0xaf][0x9d][0xf3]:[0xab][0x9][0xd8][0x5]H[0xb1]_k[0xaa]Q[0xf5][0x9d][0xa8][0x9a][0xa8][0x83][0xea][0xf6]E[0x1e]-[0xe0][0xf5]2[0x99][0xf0]5[0x1c]}[0x11]*O[0xda]j[0xd4][0x9f]p[0xc4][0xf5][0x92]_][0xe8][0x4]h@s[0xfb]i[0xc7]~%(1^[0x9e][0x9d][0x96][0x80][0xdd][0xfb][0xcc]p@[0xac][0xd2]v[0xf][0x85][0x13]*[0x94][0xe0][0xdc][0x8]=[0xc5][0x1b]+[0x1f][0x90]2[0x87][0x94]r[0x5]#[0xf5]R[0xb1]X}[0x11][0x9][0xd6][0xb7]s[0xe6][0xe3][0x1d][0xa2][0xba]'[0x1a][0xef][0x1e]8[0xe4][0xdd][0x14]sW[0xb2]E[0xb9][0x10]y[0xac]+F[0x10][0x9b][0x8b][0xb5][0x9e],[0xe5][0x97][0x8c]y[0xf0]@1[0xc4][0xa8][0xe2]P~[0x98]2FW[0x18]9[0xd4]!\[0x9e]Z[0xa1][0xb2]ILe[0x13][0x93][0xe5][0xe4][0x8b]J[0x8a][0x1d][0xcc][0x1b][0xcf]>:[0xcf][0xc3]IZc[0x91]p<[0xe2][0xea][0x1a]N[0xb8][0xc8][0x6][0x81]5[0xa2]W[0x87][0xfb][0x81]"[0xe0][0xe0][0xb8]I)[0xe][0xd5][0x19][0xc1][0xe8][0xaf][0x89][0xc8][0xc9][0xb9][0xd1]j[0x81][0xe0][0x99]d[0x4][0xdd]I[0xb7]m[0xb4][0xb4][0xed][0x91][0x95][0xe4][0x13]G[0xe7][0xe9]7[0xbe][0xb1][0xde][0xfb]m[0xed][0xa1][0xbe][0xae]+[0x97][0x87][0xdd][0xb1][0xb][0xc1][0x7]#[0xee][0xe6][0xbb]G[0xdc]m[0xc0][0x9c]xT[0x3][0xd8][0x9][0xfe][0x8]$p[0xcc]L[0xf1][0x9][0x8][0x81]7[0x8c]M[0xd4][0x91])[\r]f!I[0x88][0x99][0x85]W[0xc6][0xd8][0x13]c[0xb7][0xae][0xb9][0xe4]D[0xd9][0x82][0xd8]W[0x93]&[0xef][0xc8][0x14][0xcf][0x8c]By[0x7]M[0xd6]Wfm[0x81][0x7][0x84]1n[0x90][0xe5][0xb4][0xa8][0xcc][0x96]&y[0x18][0xd3][0xfb][0x87]$[0xb1]KHp[0xb2]:S[0xbc][0x1d][0x8e][0xdf]A[0xea][0xee][0xe2])d[0xba][0xb5][0xf9]I[0xc3]'[0xa8][0xef]m[0xeb][0xb9][0x1c]{[0x11]i[0xc1][0x2]y [0x93][0xf3][0x14][0xd6][0xaf]Qs[0xb3][0xc0][0xb6][0xe3][0x88]U[0xbf][0xbb][0xd1][0xf][0xa6][0x80][0x98][0xbe][\n]"
2019-06-10 at 19:29:57 CST DEBUG org.apache.http.impl.conn.Wire 72 wire - http-outgoing-1 << "[0xa6][0xa2][0x86][0xfc][0x97][0xa5];[0xd6][0xdb]p)[0x16][0x1f][0x18]lh[0x8f][0xf6][0x6]BC[0xad][0x9e][0xc1][0xf0][0xc5][0xeb][0xce]~[0x5]B[0xb]{[0xa7][0x9f]~[0xf0]o[0x6]$[0x14]b[0x93][0x86][0xf9][0xb4][0x91][0xb0]pD[0xa4][0xb1][0x91][0xb3][0xe][0xe6][0xc4]I[0xf1][0xb4]"O[0xa6]h[0xa1]&8[0x95]:.[0x91][0x89][0xc8][0xd8]s$2EC[0x94])[0xa2][0xe1][0xab][0x8d][0x1b][0x9f][0xcf][0x87]k[0xb6]j[0xd7][0xff]g[0xe3][0xe6]'[0x0][0x0][0x0][0xff][0xff][\r][\n]"
2019-06-10 at 19:29:57 CST DEBUG org.apache.http.impl.conn.Wire 72 wire - http-outgoing-1 << "41b[\r][\n]"
2019-06-10 at 19:29:57 CST DEBUG org.apache.http.impl.conn.Wire 72 wire - http-outgoing-1 << "[0xec]\YO[0x13]a[0x14][0xfd]+[0xfe][0x1][0x92][0xd9][0xbf][0x99]GZ[0xaa][0xd6][0x5][0x10][0xab][0x91][0xbe][0x10][0xe9][0x2][0x88][0xcc][0xa4][0x8b][0x14]H|0[0xc6][0xf0] [0x18][0x97]&F%,[0xf1]AM[0x94][0x7][0x97]T[0x96][0xf8]k[0xe8][0x14][0xfe][0x85][0xe7][0xce][0xb4][0xf4][0x9b][0xf][0x1e][0xc6]2[0xad][0x10]H[0x9a]4i[0xa0][0xcb][0xcc][0xfd][0xee]=[0xf7][0xdc]sO{1[0xec][0xd8]m[0xfb][0x8b][0xb8][0xc1][0xaa][[0xbb][0x9]n[0x16][0x11]o1[0x8b][0xe2][0x6]$[0x10]I[0x8a][0xb8][0xfa][0xff][0xf5][0xe3][0xfe]/l[0xd8].[0x83]"[0x14][0xf2][\r][0xc2][0x86][0xe9][0xe6]9[0x89][0x9b][0x1b][0xc5]a[0xbd]PH[0xb0][0x9b][0x92][0xf9][0xa8]2pKSK[0xf1][0xe4]C[0x1e]*[0xaa][0x96]eX[0xa0][0xc5][0x8f][0xca][0xd8][0xfd][0xf2]r[0xa2][0xc6][0xd3][0x8b][0x88]u&[0xb8]s[0x87][0xac][0x1c][0xaf]3[0x81][0xd5][0x84][0x86][0xcd][0x11][0xc2]8\[\n]"
2019-06-10 at 19:29:57 CST DEBUG org.apache.http.impl.conn.Wire 72 wire - http-outgoing-1 << "[0xa3]f[0xea][0xfb][0x6]Q[0xad][0xd5][0x15]1mu[0x1f][0xe8][0xb1][0xe9][0xc1][0xb2][0x95][0xac][0xdc][0x9b][0x18][0xc9][0xf][0xa7][0x1d]+=8[0x9f][0xca][0xf3][0xe9]^51[0xd1][0xc2][0xac]Q[0x8f][0xa6][0xef][0xf][0x8b]?L[0xa6]1h[0x1f][0x83][0xf8][0xe3]r[0xae]Xt[0xb0][0xa4][0xea][0x4][0xae][0x13]Oo[0xe9]2[0xb3]@S[0xd0]%n[0x1f]5[0x82][0xf6][0xcb]5[0xa8][0xbc][0xb0]oE[0x98]v[0xb9][0x86]&[0x14][0xd3]|[0x17][0xc2][0xb0]o;>[0xf3][\r][0x5])[0xfe][0xc][\r][0xa9][0xfb]y[0xc3]}[0xbe]F*[0xcf][0x9d]/[0x80][0x8][0xf5][0xda]fK[0xe2][0x86]S[0xca][0x1d][0xf0]c[0x8a]4,[0x97]We40-[0xfc]O [0xea][0xbd][0x9][0xe3][0xe9][0xfb][0x13][0xf0][0x87][0xe6]~[0xeb][0x7][0xba][0x8][0x10][0x7][0xe8][0x1f].[0x1][0xfc][0x90][0x14][0xd7][0xe3][0xff]Qt[0xf0][0x12]&n[0xf5]*[0xbf]ANXF[0xd7][0x90][0x8a][0xc][0xd0]Y<[0xee]>qM[0x82][0xcc][0x1c]kk[0x1a]F[0xb9][0xdd][0xf4][0xc3][0xf0]c[0xa7][0x13]z9[0x99]Sc[0xf1]Lb.[0x99]M]w[0xb4][0x99][0x85]l[0x5]O[0x13][0xdc][0xae][0xc]P6[0xc6]U[0xa0][0x85]ZJy?[0xab][0xa0][0x7][0xe8]([0xc9][0x84][0x8c]r[0x80]J[0xd3]R[0x14][0x16]L[0x8][0xf1]~;;[0x95][0xc9]dr[0x81]([0x8f][0xca]p[0x85][0xc2][0xb][0xfa][0x1]9 =k|[0xd8][0xf5][0xc5]+[0x0]1{[0xdb]K[0xe8]/[0x85][0x92][0xa4]i[0x0][0xe5]*[0xfe]'[0xd2][0xb0]A[0xdc][0xf5][0x92][0xb][0xc5][0xc7][0x85][0x1a]F\D[0xb][0x99]8[0xb5][0xa1][0xb][0x1a][0xa0]@2B[0xb4][0xf8]A[0xd2][0xca][0x8c][0xe2][0xb3][0x10]<[0x18][0xf1]K[0x92][0x4]&[0xfa]<[0x4][0xcf][0xe4]B[0xe9]v[0xd1]Pg[0xb2][0x83][0xf][0x92]q[0xc5]H[0xd9][0x92][0xa3][0xa8][0x81][0x82]J[0xed]<[0x88]/[0x9d][0xf5][0xb2][0xc2][0x91][0x87][0x1][0x81]'[0xad][0xe0][0xb0][0xc7]p[0xff]Hj[0xd4][0xfd][0xf9][0xa7][0xb1][0xbb]x[0xf0][0xec]u[0xfd][0xe5][0xa7]>[0xf7][0xe9]z[0xbd][0xb6][0xda][0xb5][0xcc][0x83][0xc5]x[0x3]5[0xa2]][0x9b]A?[0xa1]y?X[0xf9][0x8d]b,[0x86][0x8d][0x89][0x86][0x8f]![0xf2][0xce]C[0xd8][0x98][0xe9][0xe2][0x88]]J[0x15][0x16]X_B[0xcb][0xdb]W[0xe4]Yu[0x88][0x87][0xc1]XQ[0xc4]b[0x82][0xae]j[0xd1][0x84]M7[0xe6]/[0x82][0xe6]+[0x0][0x83]9[0xcd][0x97][\n]"
2019-06-10 at 19:29:57 CST DEBUG org.apache.http.impl.conn.Wire 72 wire - http-outgoing-1 << "[0xb7][0x16][0x9d][0x16]S[0x3]0xo[0xfb]}[0xe3][0xd5][0xda][0xe1][0xa3]t[0xa4][0xfa]u[0x8e][0x85][0xc3][0xce][0xc0][0xce][0x82][0xd9][0x8c][0x88],[0xa8][0xbf]h7[0x1b][0xdc]U[0xfe]Gk[0x18][0x1e]D[0x93]'[0xdb]Y[0xb4]`[0xe9][0x11]:[0xc7]r.l[0x98][0xf8]$F]<[0xe6]J@[0xe0][0xeb]5 ([0xaf][0xd3]X[0xc2][0x96]Zc[0xf5][0xc5][0xfe][0x93]*[0x8]t[0xbc]"$7[0x5][0xf6]m:[0x8b][0x1c][0x87]s[0xb7][0xee]4"[0xab][0x8b],[0xd7][0xbd],[0x17][0x16][0xdd]:[0x89][0x89]i93[0x14]+[0xc9][0xa5][0xc2][0xc0][0xd4][0xe8][0xf8]t[0xfe][0xda][0xd4][0x9d]@/[0x4][0xb3][\r][0x6][0xba][0xea][0xa8][0xe3]F[0xe4][0xbd][0x10][0xbf]0[0xab]C[0xaf]$[0x99][0xb2]`[0xaa]1[0x90][0xab][0x8c][0x8d][0xb9]o=[0xb3][0xcd]C[0xf3]I1Y[0x99][0xc][0xe5][0x84]?[0x90][0xcd][0x13][0xd8][0xd2][0xdf][0xf9]~m[0xf6]8&U[0xf6]8[0xe]b[0x8f][0x12][0x85][0xa2][0xe9][0xb0]L[0xc]|[0xaf]-[0x8c][0xa8][0xc5]\!f[0x6]t[0xd1][0x86][0xb8]B[0x83][0x9b]{[0xc][0xe1]@o[0x1d]rP[0xec][0xe9]O[0x9a]I[0xfd]4f[0x6][0xdb][0xe9]+K[0xf2][0xd5][0xf9]Brnf[0xd2][0x1e][0x1a][0x9d][0x8b][0xcd]N[0xde][0xf5][0xa4][0xb1]&[0xc3][0xdd]5d[0xac]S[0x83]9[0x93][0x95]h[0x84]t[0xff][0x11][0xfe]`%[5TJ[0xfd][0x1c][0x10][0xaf]o.[0xd6]7[0xdf]a[0xdd][0xc3][0x85][0xd9][0x10][0x96]$[0xd6]w1[0x92][0x12]Qx[0xe7][0x8](ln8s[0x96][0xb9]"[0x1c][0x8a][0xcc][0xdf]VL1[0xdd][0xf0][0xa8][0xed]U[0x1a]B*[0x17][0xb4][0x7]@$o[0xc8][0xea][0xb0][0xe5][0x92]K[0xcc][0xa0]B^[0xb9][0xc][0xcd]Y[0xa4][0xed][0xd6][0x89]to[0x98][0xcb][0x97][0x9d][0xf2]}[0xb8]<[0xc3]b[0x16][0xac][0x95]o)[0xed][0xfb]I?[0xfe][0xb][0x0][0x0][0xff][0xff][\r][\n]"
2019-06-10 at 19:29:57 CST DEBUG org.apache.http.impl.conn.Wire 72 wire - http-outgoing-1 << "a[\r][\n]"
2019-06-10 at 19:29:57 CST DEBUG org.apache.http.impl.conn.Wire 72 wire - http-outgoing-1 << "[0x3][0x0][0x19][0x95]<[0xe4][0x90]Z[0x0][0x0][\r][\n]"
2019-06-10 at 19:29:57 CST DEBUG org.apache.http.impl.conn.Wire 72 wire - http-outgoing-1 << "0[\r][\n]"
2019-06-10 at 19:29:57 CST DEBUG org.apache.http.impl.conn.Wire 72 wire - http-outgoing-1 << "[\r][\n]"
2019-06-10 at 19:29:57 CST DEBUG org.apache.http.impl.conn.PoolingHttpClientConnectionManager 314 releaseConnection - Connection [id: 1][route: {s}->https://music.163.com:443] can be kept alive indefinitely
2019-06-10 at 19:29:57 CST DEBUG org.apache.http.impl.conn.PoolingHttpClientConnectionManager 320 releaseConnection - Connection released: [id: 1][route: {s}->https://music.163.com:443][total kept alive: 1; route allocated: 1 of 2; total allocated: 1 of 20]
2019-06-10 at 19:29:57 CST DEBUG org.apache.http.impl.conn.PoolingHttpClientConnectionManager 388 shutdown - Connection manager is shutting down
2019-06-10 at 19:29:57 CST DEBUG org.apache.http.impl.conn.LoggingManagedHttpClientConnection 79 close - http-outgoing-1: Close connection
2019-06-10 at 19:29:57 CST DEBUG org.apache.http.impl.conn.LoggingManagedHttpClientConnection 79 close - http-outgoing-1: Close connection
2019-06-10 at 19:29:57 CST DEBUG org.apache.http.impl.conn.PoolingHttpClientConnectionManager 394 shutdown - Connection manager shut down
